#
# There is insufficient memory for the Java Runtime Environment to continue.
# Native memory allocation (malloc) failed to allocate 804096 bytes. Error detail: Chunk::new
# Possible reasons:
#   The system is out of physical RAM or swap space
#   This process is running with CompressedOops enabled, and the Java Heap may be blocking the growth of the native heap
# Possible solutions:
#   Reduce memory load on the system
#   Increase physical memory or swap space
#   Check if swap backing store is full
#   Decrease Java heap size (-Xmx/-Xms)
#   Decrease number of Java threads
#   Decrease Java thread stack sizes (-Xss)
#   Set larger code cache with -XX:ReservedCodeCacheSize=
#   JVM is running with Zero Based Compressed Oops mode in which the Java heap is
#     placed in the first 32GB address space. The Java Heap base address is the
#     maximum limit for the native heap growth. Please use -XX:HeapBaseMinAddress
#     to set the Java Heap base and to place the Java Heap above 32GB virtual address.
# This output file may be truncated or incomplete.
#
#  Out of Memory Error (arena.cpp:191), pid=22696, tid=7692
#
# JRE version: OpenJDK Runtime Environment Microsoft-10800295 (17.0.14+7) (build 17.0.14+7-LTS)
# Java VM: OpenJDK 64-Bit Server VM Microsoft-10800295 (17.0.14+7-LTS, mixed mode, sharing, tiered, compressed oops, compressed class ptrs, g1 gc, windows-amd64)
# No core dump will be written. Minidumps are not enabled by default on client versions of Windows
#

---------------  S U M M A R Y ------------

Command Line: -XX:+ShowCodeDetailsInExceptionMessages com.example.tryme.TrymeApplication

Host: 12th Gen Intel(R) Core(TM) i5-12500H, 16 cores, 15G,  Windows 10 , 64 bit Build 19041 (10.0.19041.5438)
Time: Mon Mar 10 17:09:06 2025 RTZ 2 (s 10 , 64 bit Build 19041 (10.0.19041.5438) elapsed time: 1.061901 seconds (0d 0h 0m 1s)

---------------  T H R E A D  ---------------

Current thread (0x000001d888a77380):  JavaThread "C2 CompilerThread1" daemon [_thread_in_native, id=7692, stack(0x000000228b700000,0x000000228b800000)]


Current CompileTask:
C2:   1061 3325       4       org.springframework.beans.factory.support.DefaultListableBeanFactory::requiresEagerInitForType (26 bytes)

Stack: [0x000000228b700000,0x000000228b800000]
Native frames: (J=compiled Java code, j=interpreted, Vv=VM code, C=native code)
V  [jvm.dll+0x6886b9]
V  [jvm.dll+0x83f6f8]
V  [jvm.dll+0x8411a3]
V  [jvm.dll+0x841813]
V  [jvm.dll+0x2495cf]
V  [jvm.dll+0xad0d4]
V  [jvm.dll+0xad76c]
V  [jvm.dll+0x2b0d0f]
V  [jvm.dll+0x58e669]
V  [jvm.dll+0x223852]
V  [jvm.dll+0x223c4f]
V  [jvm.dll+0x21c9f0]
V  [jvm.dll+0x219b1b]
V  [jvm.dll+0x1a5596]
V  [jvm.dll+0x22a27a]
V  [jvm.dll+0x2283bb]
V  [jvm.dll+0x7f4f48]
V  [jvm.dll+0x7ef2ac]
V  [jvm.dll+0x687597]
C  [ucrtbase.dll+0x21bb2]
C  [KERNEL32.DLL+0x17374]
C  [ntdll.dll+0x4cc91]


---------------  P R O C E S S  ---------------

Threads class SMR info:
_java_thread_list=0x000001d8d6f69600, length=19, elements={
0x000001d8e4dc1f90, 0x000001d887ed7ff0, 0x000001d887ed8d80, 0x000001d887eec4a0,
0x000001d887eefd90, 0x000001d887ef1a70, 0x000001d887ef8370, 0x000001d887ef9020,
0x000001d887efbdc0, 0x000001d887efe6e0, 0x000001d888825e40, 0x000001d88882a380,
0x000001d88882b370, 0x000001d888866670, 0x000001d888866b80, 0x000001d888a77380,
0x000001d8889266b0, 0x000001d8d6a3c110, 0x000001d8d6f68d60
}

Java Threads: ( => current thread )
  0x000001d8e4dc1f90 JavaThread "main" [_thread_in_vm, id=20128, stack(0x000000228a100000,0x000000228a200000)]
  0x000001d887ed7ff0 JavaThread "Reference Handler" daemon [_thread_blocked, id=4644, stack(0x000000228a800000,0x000000228a900000)]
  0x000001d887ed8d80 JavaThread "Finalizer" daemon [_thread_blocked, id=18608, stack(0x000000228a900000,0x000000228aa00000)]
  0x000001d887eec4a0 JavaThread "Signal Dispatcher" daemon [_thread_blocked, id=884, stack(0x000000228aa00000,0x000000228ab00000)]
  0x000001d887eefd90 JavaThread "Attach Listener" daemon [_thread_blocked, id=2880, stack(0x000000228ab00000,0x000000228ac00000)]
  0x000001d887ef1a70 JavaThread "Service Thread" daemon [_thread_blocked, id=7480, stack(0x000000228ac00000,0x000000228ad00000)]
  0x000001d887ef8370 JavaThread "Monitor Deflation Thread" daemon [_thread_blocked, id=23220, stack(0x000000228ad00000,0x000000228ae00000)]
  0x000001d887ef9020 JavaThread "C2 CompilerThread0" daemon [_thread_in_native, id=4828, stack(0x000000228ae00000,0x000000228af00000)]
  0x000001d887efbdc0 JavaThread "C1 CompilerThread0" daemon [_thread_blocked, id=18576, stack(0x000000228af00000,0x000000228b000000)]
  0x000001d887efe6e0 JavaThread "Sweeper thread" daemon [_thread_blocked, id=22460, stack(0x000000228b000000,0x000000228b100000)]
  0x000001d888825e40 JavaThread "C1 CompilerThread1" daemon [_thread_blocked, id=10548, stack(0x000000228b100000,0x000000228b200000)]
  0x000001d88882a380 JavaThread "C1 CompilerThread2" daemon [_thread_blocked, id=16052, stack(0x000000228b200000,0x000000228b300000)]
  0x000001d88882b370 JavaThread "C1 CompilerThread3" daemon [_thread_blocked, id=19216, stack(0x000000228b300000,0x000000228b400000)]
  0x000001d888866670 JavaThread "Notification Thread" daemon [_thread_blocked, id=20376, stack(0x000000228b400000,0x000000228b500000)]
  0x000001d888866b80 JavaThread "Common-Cleaner" daemon [_thread_blocked, id=22196, stack(0x000000228b600000,0x000000228b700000)]
=>0x000001d888a77380 JavaThread "C2 CompilerThread1" daemon [_thread_in_native, id=7692, stack(0x000000228b700000,0x000000228b800000)]
  0x000001d8889266b0 JavaThread "C2 CompilerThread2" daemon [_thread_in_native, id=15080, stack(0x000000228b800000,0x000000228b900000)]
  0x000001d8d6a3c110 JavaThread "C2 CompilerThread3" daemon [_thread_blocked, id=6716, stack(0x000000228be00000,0x000000228bf00000)]
  0x000001d8d6f68d60 JavaThread "C2 CompilerThread4" daemon [_thread_in_native, id=11500, stack(0x000000228c300000,0x000000228c400000)]

Other Threads:
  0x000001d887ed2770 VMThread "VM Thread" [stack: 0x000000228a700000,0x000000228a800000] [id=14120]
  0x000001d88886c2d0 WatcherThread [stack: 0x000000228b500000,0x000000228b600000] [id=19204]
  0x000001d8e4e35550 GCTaskThread "GC Thread#0" [stack: 0x000000228a200000,0x000000228a300000] [id=23744]
  0x000001d8ce6bc9b0 GCTaskThread "GC Thread#1" [stack: 0x000000228b900000,0x000000228ba00000] [id=9072]
  0x000001d8ce7e5050 GCTaskThread "GC Thread#2" [stack: 0x000000228ba00000,0x000000228bb00000] [id=7524]
  0x000001d8ce7e5310 GCTaskThread "GC Thread#3" [stack: 0x000000228bb00000,0x000000228bc00000] [id=17484]
  0x000001d8ce7e55d0 GCTaskThread "GC Thread#4" [stack: 0x000000228bc00000,0x000000228bd00000] [id=14616]
  0x000001d8d633ee20 GCTaskThread "GC Thread#5" [stack: 0x000000228bd00000,0x000000228be00000] [id=9876]
  0x000001d8d6930220 GCTaskThread "GC Thread#6" [stack: 0x000000228bf00000,0x000000228c000000] [id=21056]
  0x000001d8d67a8a90 GCTaskThread "GC Thread#7" [stack: 0x000000228c000000,0x000000228c100000] [id=8136]
  0x000001d8d67b6840 GCTaskThread "GC Thread#8" [stack: 0x000000228c100000,0x000000228c200000] [id=21408]
  0x000001d8d691ed00 GCTaskThread "GC Thread#9" [stack: 0x000000228c200000,0x000000228c300000] [id=21952]
  0x000001d8d65cacb0 GCTaskThread "GC Thread#10" [stack: 0x000000228c400000,0x000000228c500000] [id=12216]
  0x000001d8d7c42280 GCTaskThread "GC Thread#11" [stack: 0x000000228c500000,0x000000228c600000] [id=16928]
  0x000001d8d7c42540 GCTaskThread "GC Thread#12" [stack: 0x000000228c600000,0x000000228c700000] [id=20412]
  0x000001d8e4e46dc0 ConcurrentGCThread "G1 Main Marker" [stack: 0x000000228a300000,0x000000228a400000] [id=2488]
  0x000001d8e4e476f0 ConcurrentGCThread "G1 Conc#0" [stack: 0x000000228a400000,0x000000228a500000] [id=10612]
  0x000001d8d7c435c0 ConcurrentGCThread "G1 Conc#1" [stack: 0x000000228c700000,0x000000228c800000] [id=20164]
  0x000001d8d7c43040 ConcurrentGCThread "G1 Conc#2" [stack: 0x000000228c800000,0x000000228c900000] [id=2288]
  0x000001d887e0b510 ConcurrentGCThread "G1 Refine#0" [stack: 0x000000228a500000,0x000000228a600000] [id=4280]
  0x000001d887e0be50 ConcurrentGCThread "G1 Service" [stack: 0x000000228a600000,0x000000228a700000] [id=12736]

Threads with active compile tasks:
C2 CompilerThread0     1074 3259       4       jdk.internal.org.objectweb.asm.SymbolTable::addConstantMemberReference (147 bytes)
C2 CompilerThread1     1074 3325       4       org.springframework.beans.factory.support.DefaultListableBeanFactory::requiresEagerInitForType (26 bytes)
C2 CompilerThread2     1074 3368       4       java.net.URLStreamHandler::parseURL (1201 bytes)
C2 CompilerThread4     1074 3262       4       java.lang.invoke.MethodType::makeImpl (109 bytes)

VM state: not at safepoint (normal execution)

VM Mutex/Monitor currently owned by a thread: None

Heap address: 0x0000000706000000, size: 4000 MB, Compressed Oops mode: Zero based, Oop shift amount: 3

CDS archive(s) mapped at: [0x000001d889000000-0x000001d889bb0000-0x000001d889bb0000), size 12255232, SharedBaseAddress: 0x000001d889000000, ArchiveRelocationMode: 1.
Compressed class space mapped at: 0x000001d88a000000-0x000001d8ca000000, reserved size: 1073741824
Narrow klass base: 0x000001d889000000, Narrow klass shift: 0, Narrow klass range: 0x100000000

GC Precious Log:
 CPUs: 16 total, 16 available
 Memory: 15999M
 Large Page Support: Disabled
 NUMA Support: Disabled
 Compressed Oops: Enabled (Zero based)
 Heap Region Size: 2M
 Heap Min Capacity: 8M
 Heap Initial Capacity: 250M
 Heap Max Capacity: 4000M
 Pre-touch: Disabled
 Parallel Workers: 13
 Concurrent Workers: 3
 Concurrent Refinement Workers: 13
 Periodic GC: Disabled

Heap:
 garbage-first heap   total 256000K, used 10258K [0x0000000706000000, 0x0000000800000000)
  region size 2048K, 4 young (8192K), 3 survivors (6144K)
 Metaspace       used 21184K, committed 21568K, reserved 1114112K
  class space    used 2642K, committed 2816K, reserved 1048576K

Heap Regions: E=young(eden), S=young(survivor), O=old, HS=humongous(starts), HC=humongous(continues), CS=collection set, F=free, OA=open archive, CA=closed archive, TAMS=top-at-mark-start (previous, next)
|   0|0x0000000706000000, 0x0000000706200000, 0x0000000706200000|100%| O|  |TAMS 0x0000000706000000, 0x0000000706200000| Untracked 
|   1|0x0000000706200000, 0x0000000706400000, 0x0000000706400000|100%| O|  |TAMS 0x0000000706200000, 0x0000000706400000| Untracked 
|   2|0x0000000706400000, 0x0000000706416800, 0x0000000706600000|  4%| O|  |TAMS 0x0000000706400000, 0x0000000706416800| Untracked 
|   3|0x0000000706600000, 0x0000000706600000, 0x0000000706800000|  0%| F|  |TAMS 0x0000000706600000, 0x0000000706600000| Untracked 
|   4|0x0000000706800000, 0x0000000706800000, 0x0000000706a00000|  0%| F|  |TAMS 0x0000000706800000, 0x0000000706800000| Untracked 
|   5|0x0000000706a00000, 0x0000000706a00000, 0x0000000706c00000|  0%| F|  |TAMS 0x0000000706a00000, 0x0000000706a00000| Untracked 
|   6|0x0000000706c00000, 0x0000000706c00000, 0x0000000706e00000|  0%| F|  |TAMS 0x0000000706c00000, 0x0000000706c00000| Untracked 
|   7|0x0000000706e00000, 0x0000000706e00000, 0x0000000707000000|  0%| F|  |TAMS 0x0000000706e00000, 0x0000000706e00000| Untracked 
|   8|0x0000000707000000, 0x0000000707000000, 0x0000000707200000|  0%| F|  |TAMS 0x0000000707000000, 0x0000000707000000| Untracked 
|   9|0x0000000707200000, 0x0000000707200000, 0x0000000707400000|  0%| F|  |TAMS 0x0000000707200000, 0x0000000707200000| Untracked 
|  10|0x0000000707400000, 0x0000000707400000, 0x0000000707600000|  0%| F|  |TAMS 0x0000000707400000, 0x0000000707400000| Untracked 
|  11|0x0000000707600000, 0x0000000707600000, 0x0000000707800000|  0%| F|  |TAMS 0x0000000707600000, 0x0000000707600000| Untracked 
|  12|0x0000000707800000, 0x0000000707800000, 0x0000000707a00000|  0%| F|  |TAMS 0x0000000707800000, 0x0000000707800000| Untracked 
|  13|0x0000000707a00000, 0x0000000707a00000, 0x0000000707c00000|  0%| F|  |TAMS 0x0000000707a00000, 0x0000000707a00000| Untracked 
|  14|0x0000000707c00000, 0x0000000707c00000, 0x0000000707e00000|  0%| F|  |TAMS 0x0000000707c00000, 0x0000000707c00000| Untracked 
|  15|0x0000000707e00000, 0x0000000707e00000, 0x0000000708000000|  0%| F|  |TAMS 0x0000000707e00000, 0x0000000707e00000| Untracked 
|  16|0x0000000708000000, 0x0000000708000000, 0x0000000708200000|  0%| F|  |TAMS 0x0000000708000000, 0x0000000708000000| Untracked 
|  17|0x0000000708200000, 0x0000000708200000, 0x0000000708400000|  0%| F|  |TAMS 0x0000000708200000, 0x0000000708200000| Untracked 
|  18|0x0000000708400000, 0x0000000708400000, 0x0000000708600000|  0%| F|  |TAMS 0x0000000708400000, 0x0000000708400000| Untracked 
|  19|0x0000000708600000, 0x0000000708600000, 0x0000000708800000|  0%| F|  |TAMS 0x0000000708600000, 0x0000000708600000| Untracked 
|  20|0x0000000708800000, 0x0000000708800000, 0x0000000708a00000|  0%| F|  |TAMS 0x0000000708800000, 0x0000000708800000| Untracked 
|  21|0x0000000708a00000, 0x0000000708a00000, 0x0000000708c00000|  0%| F|  |TAMS 0x0000000708a00000, 0x0000000708a00000| Untracked 
|  22|0x0000000708c00000, 0x0000000708c00000, 0x0000000708e00000|  0%| F|  |TAMS 0x0000000708c00000, 0x0000000708c00000| Untracked 
|  23|0x0000000708e00000, 0x0000000708e00000, 0x0000000709000000|  0%| F|  |TAMS 0x0000000708e00000, 0x0000000708e00000| Untracked 
|  24|0x0000000709000000, 0x0000000709000000, 0x0000000709200000|  0%| F|  |TAMS 0x0000000709000000, 0x0000000709000000| Untracked 
|  25|0x0000000709200000, 0x0000000709200000, 0x0000000709400000|  0%| F|  |TAMS 0x0000000709200000, 0x0000000709200000| Untracked 
|  26|0x0000000709400000, 0x0000000709400000, 0x0000000709600000|  0%| F|  |TAMS 0x0000000709400000, 0x0000000709400000| Untracked 
|  27|0x0000000709600000, 0x0000000709600000, 0x0000000709800000|  0%| F|  |TAMS 0x0000000709600000, 0x0000000709600000| Untracked 
|  28|0x0000000709800000, 0x0000000709800000, 0x0000000709a00000|  0%| F|  |TAMS 0x0000000709800000, 0x0000000709800000| Untracked 
|  29|0x0000000709a00000, 0x0000000709a00000, 0x0000000709c00000|  0%| F|  |TAMS 0x0000000709a00000, 0x0000000709a00000| Untracked 
|  30|0x0000000709c00000, 0x0000000709c00000, 0x0000000709e00000|  0%| F|  |TAMS 0x0000000709c00000, 0x0000000709c00000| Untracked 
|  31|0x0000000709e00000, 0x0000000709e00000, 0x000000070a000000|  0%| F|  |TAMS 0x0000000709e00000, 0x0000000709e00000| Untracked 
|  32|0x000000070a000000, 0x000000070a000000, 0x000000070a200000|  0%| F|  |TAMS 0x000000070a000000, 0x000000070a000000| Untracked 
|  33|0x000000070a200000, 0x000000070a200000, 0x000000070a400000|  0%| F|  |TAMS 0x000000070a200000, 0x000000070a200000| Untracked 
|  34|0x000000070a400000, 0x000000070a400000, 0x000000070a600000|  0%| F|  |TAMS 0x000000070a400000, 0x000000070a400000| Untracked 
|  35|0x000000070a600000, 0x000000070a600000, 0x000000070a800000|  0%| F|  |TAMS 0x000000070a600000, 0x000000070a600000| Untracked 
|  36|0x000000070a800000, 0x000000070a800000, 0x000000070aa00000|  0%| F|  |TAMS 0x000000070a800000, 0x000000070a800000| Untracked 
|  37|0x000000070aa00000, 0x000000070aa00000, 0x000000070ac00000|  0%| F|  |TAMS 0x000000070aa00000, 0x000000070aa00000| Untracked 
|  38|0x000000070ac00000, 0x000000070ac00000, 0x000000070ae00000|  0%| F|  |TAMS 0x000000070ac00000, 0x000000070ac00000| Untracked 
|  39|0x000000070ae00000, 0x000000070ae00000, 0x000000070b000000|  0%| F|  |TAMS 0x000000070ae00000, 0x000000070ae00000| Untracked 
|  40|0x000000070b000000, 0x000000070b000000, 0x000000070b200000|  0%| F|  |TAMS 0x000000070b000000, 0x000000070b000000| Untracked 
|  41|0x000000070b200000, 0x000000070b200000, 0x000000070b400000|  0%| F|  |TAMS 0x000000070b200000, 0x000000070b200000| Untracked 
|  42|0x000000070b400000, 0x000000070b400000, 0x000000070b600000|  0%| F|  |TAMS 0x000000070b400000, 0x000000070b400000| Untracked 
|  43|0x000000070b600000, 0x000000070b600000, 0x000000070b800000|  0%| F|  |TAMS 0x000000070b600000, 0x000000070b600000| Untracked 
|  44|0x000000070b800000, 0x000000070b800000, 0x000000070ba00000|  0%| F|  |TAMS 0x000000070b800000, 0x000000070b800000| Untracked 
|  45|0x000000070ba00000, 0x000000070ba00000, 0x000000070bc00000|  0%| F|  |TAMS 0x000000070ba00000, 0x000000070ba00000| Untracked 
|  46|0x000000070bc00000, 0x000000070bc00000, 0x000000070be00000|  0%| F|  |TAMS 0x000000070bc00000, 0x000000070bc00000| Untracked 
|  47|0x000000070be00000, 0x000000070be00000, 0x000000070c000000|  0%| F|  |TAMS 0x000000070be00000, 0x000000070be00000| Untracked 
|  48|0x000000070c000000, 0x000000070c000000, 0x000000070c200000|  0%| F|  |TAMS 0x000000070c000000, 0x000000070c000000| Untracked 
|  49|0x000000070c200000, 0x000000070c200000, 0x000000070c400000|  0%| F|  |TAMS 0x000000070c200000, 0x000000070c200000| Untracked 
|  50|0x000000070c400000, 0x000000070c400000, 0x000000070c600000|  0%| F|  |TAMS 0x000000070c400000, 0x000000070c400000| Untracked 
|  51|0x000000070c600000, 0x000000070c600000, 0x000000070c800000|  0%| F|  |TAMS 0x000000070c600000, 0x000000070c600000| Untracked 
|  52|0x000000070c800000, 0x000000070c800000, 0x000000070ca00000|  0%| F|  |TAMS 0x000000070c800000, 0x000000070c800000| Untracked 
|  53|0x000000070ca00000, 0x000000070ca00000, 0x000000070cc00000|  0%| F|  |TAMS 0x000000070ca00000, 0x000000070ca00000| Untracked 
|  54|0x000000070cc00000, 0x000000070cc00000, 0x000000070ce00000|  0%| F|  |TAMS 0x000000070cc00000, 0x000000070cc00000| Untracked 
|  55|0x000000070ce00000, 0x000000070ce00000, 0x000000070d000000|  0%| F|  |TAMS 0x000000070ce00000, 0x000000070ce00000| Untracked 
|  56|0x000000070d000000, 0x000000070d000000, 0x000000070d200000|  0%| F|  |TAMS 0x000000070d000000, 0x000000070d000000| Untracked 
|  57|0x000000070d200000, 0x000000070d200000, 0x000000070d400000|  0%| F|  |TAMS 0x000000070d200000, 0x000000070d200000| Untracked 
|  58|0x000000070d400000, 0x000000070d400000, 0x000000070d600000|  0%| F|  |TAMS 0x000000070d400000, 0x000000070d400000| Untracked 
|  59|0x000000070d600000, 0x000000070d600000, 0x000000070d800000|  0%| F|  |TAMS 0x000000070d600000, 0x000000070d600000| Untracked 
|  60|0x000000070d800000, 0x000000070d800000, 0x000000070da00000|  0%| F|  |TAMS 0x000000070d800000, 0x000000070d800000| Untracked 
|  61|0x000000070da00000, 0x000000070da00000, 0x000000070dc00000|  0%| F|  |TAMS 0x000000070da00000, 0x000000070da00000| Untracked 
|  62|0x000000070dc00000, 0x000000070dc00000, 0x000000070de00000|  0%| F|  |TAMS 0x000000070dc00000, 0x000000070dc00000| Untracked 
|  63|0x000000070de00000, 0x000000070de00000, 0x000000070e000000|  0%| F|  |TAMS 0x000000070de00000, 0x000000070de00000| Untracked 
|  64|0x000000070e000000, 0x000000070e000000, 0x000000070e200000|  0%| F|  |TAMS 0x000000070e000000, 0x000000070e000000| Untracked 
|  65|0x000000070e200000, 0x000000070e200000, 0x000000070e400000|  0%| F|  |TAMS 0x000000070e200000, 0x000000070e200000| Untracked 
|  66|0x000000070e400000, 0x000000070e400000, 0x000000070e600000|  0%| F|  |TAMS 0x000000070e400000, 0x000000070e400000| Untracked 
|  67|0x000000070e600000, 0x000000070e600000, 0x000000070e800000|  0%| F|  |TAMS 0x000000070e600000, 0x000000070e600000| Untracked 
|  68|0x000000070e800000, 0x000000070e800000, 0x000000070ea00000|  0%| F|  |TAMS 0x000000070e800000, 0x000000070e800000| Untracked 
|  69|0x000000070ea00000, 0x000000070ea00000, 0x000000070ec00000|  0%| F|  |TAMS 0x000000070ea00000, 0x000000070ea00000| Untracked 
|  70|0x000000070ec00000, 0x000000070ec00000, 0x000000070ee00000|  0%| F|  |TAMS 0x000000070ec00000, 0x000000070ec00000| Untracked 
|  71|0x000000070ee00000, 0x000000070ee00000, 0x000000070f000000|  0%| F|  |TAMS 0x000000070ee00000, 0x000000070ee00000| Untracked 
|  72|0x000000070f000000, 0x000000070f000000, 0x000000070f200000|  0%| F|  |TAMS 0x000000070f000000, 0x000000070f000000| Untracked 
|  73|0x000000070f200000, 0x000000070f200000, 0x000000070f400000|  0%| F|  |TAMS 0x000000070f200000, 0x000000070f200000| Untracked 
|  74|0x000000070f400000, 0x000000070f400000, 0x000000070f600000|  0%| F|  |TAMS 0x000000070f400000, 0x000000070f400000| Untracked 
|  75|0x000000070f600000, 0x000000070f600000, 0x000000070f800000|  0%| F|  |TAMS 0x000000070f600000, 0x000000070f600000| Untracked 
|  76|0x000000070f800000, 0x000000070f800000, 0x000000070fa00000|  0%| F|  |TAMS 0x000000070f800000, 0x000000070f800000| Untracked 
|  77|0x000000070fa00000, 0x000000070fa00000, 0x000000070fc00000|  0%| F|  |TAMS 0x000000070fa00000, 0x000000070fa00000| Untracked 
|  78|0x000000070fc00000, 0x000000070fc00000, 0x000000070fe00000|  0%| F|  |TAMS 0x000000070fc00000, 0x000000070fc00000| Untracked 
|  79|0x000000070fe00000, 0x000000070fe00000, 0x0000000710000000|  0%| F|  |TAMS 0x000000070fe00000, 0x000000070fe00000| Untracked 
|  80|0x0000000710000000, 0x0000000710000000, 0x0000000710200000|  0%| F|  |TAMS 0x0000000710000000, 0x0000000710000000| Untracked 
|  81|0x0000000710200000, 0x0000000710200000, 0x0000000710400000|  0%| F|  |TAMS 0x0000000710200000, 0x0000000710200000| Untracked 
|  82|0x0000000710400000, 0x0000000710400000, 0x0000000710600000|  0%| F|  |TAMS 0x0000000710400000, 0x0000000710400000| Untracked 
|  83|0x0000000710600000, 0x0000000710600000, 0x0000000710800000|  0%| F|  |TAMS 0x0000000710600000, 0x0000000710600000| Untracked 
|  84|0x0000000710800000, 0x0000000710800000, 0x0000000710a00000|  0%| F|  |TAMS 0x0000000710800000, 0x0000000710800000| Untracked 
|  85|0x0000000710a00000, 0x0000000710a00000, 0x0000000710c00000|  0%| F|  |TAMS 0x0000000710a00000, 0x0000000710a00000| Untracked 
|  86|0x0000000710c00000, 0x0000000710c00000, 0x0000000710e00000|  0%| F|  |TAMS 0x0000000710c00000, 0x0000000710c00000| Untracked 
|  87|0x0000000710e00000, 0x0000000710e00000, 0x0000000711000000|  0%| F|  |TAMS 0x0000000710e00000, 0x0000000710e00000| Untracked 
|  88|0x0000000711000000, 0x0000000711000000, 0x0000000711200000|  0%| F|  |TAMS 0x0000000711000000, 0x0000000711000000| Untracked 
|  89|0x0000000711200000, 0x0000000711200000, 0x0000000711400000|  0%| F|  |TAMS 0x0000000711200000, 0x0000000711200000| Untracked 
|  90|0x0000000711400000, 0x0000000711400000, 0x0000000711600000|  0%| F|  |TAMS 0x0000000711400000, 0x0000000711400000| Untracked 
|  91|0x0000000711600000, 0x0000000711600000, 0x0000000711800000|  0%| F|  |TAMS 0x0000000711600000, 0x0000000711600000| Untracked 
|  92|0x0000000711800000, 0x0000000711800000, 0x0000000711a00000|  0%| F|  |TAMS 0x0000000711800000, 0x0000000711800000| Untracked 
|  93|0x0000000711a00000, 0x0000000711a00000, 0x0000000711c00000|  0%| F|  |TAMS 0x0000000711a00000, 0x0000000711a00000| Untracked 
|  94|0x0000000711c00000, 0x0000000711c00000, 0x0000000711e00000|  0%| F|  |TAMS 0x0000000711c00000, 0x0000000711c00000| Untracked 
|  95|0x0000000711e00000, 0x0000000711fee3a0, 0x0000000712000000| 96%| S|CS|TAMS 0x0000000711e00000, 0x0000000711e00000| Complete 
|  96|0x0000000712000000, 0x0000000712200000, 0x0000000712200000|100%| S|CS|TAMS 0x0000000712000000, 0x0000000712000000| Complete 
|  97|0x0000000712200000, 0x0000000712400000, 0x0000000712400000|100%| S|CS|TAMS 0x0000000712200000, 0x0000000712200000| Complete 
|  98|0x0000000712400000, 0x0000000712400000, 0x0000000712600000|  0%| F|  |TAMS 0x0000000712400000, 0x0000000712400000| Untracked 
|  99|0x0000000712600000, 0x0000000712600000, 0x0000000712800000|  0%| F|  |TAMS 0x0000000712600000, 0x0000000712600000| Untracked 
| 100|0x0000000712800000, 0x0000000712800000, 0x0000000712a00000|  0%| F|  |TAMS 0x0000000712800000, 0x0000000712800000| Untracked 
| 101|0x0000000712a00000, 0x0000000712a00000, 0x0000000712c00000|  0%| F|  |TAMS 0x0000000712a00000, 0x0000000712a00000| Untracked 
| 102|0x0000000712c00000, 0x0000000712c00000, 0x0000000712e00000|  0%| F|  |TAMS 0x0000000712c00000, 0x0000000712c00000| Untracked 
| 103|0x0000000712e00000, 0x0000000712e00000, 0x0000000713000000|  0%| F|  |TAMS 0x0000000712e00000, 0x0000000712e00000| Untracked 
| 104|0x0000000713000000, 0x0000000713000000, 0x0000000713200000|  0%| F|  |TAMS 0x0000000713000000, 0x0000000713000000| Untracked 
| 105|0x0000000713200000, 0x0000000713200000, 0x0000000713400000|  0%| F|  |TAMS 0x0000000713200000, 0x0000000713200000| Untracked 
| 106|0x0000000713400000, 0x0000000713400000, 0x0000000713600000|  0%| F|  |TAMS 0x0000000713400000, 0x0000000713400000| Untracked 
| 107|0x0000000713600000, 0x0000000713600000, 0x0000000713800000|  0%| F|  |TAMS 0x0000000713600000, 0x0000000713600000| Untracked 
| 108|0x0000000713800000, 0x0000000713800000, 0x0000000713a00000|  0%| F|  |TAMS 0x0000000713800000, 0x0000000713800000| Untracked 
| 109|0x0000000713a00000, 0x0000000713a00000, 0x0000000713c00000|  0%| F|  |TAMS 0x0000000713a00000, 0x0000000713a00000| Untracked 
| 110|0x0000000713c00000, 0x0000000713c00000, 0x0000000713e00000|  0%| F|  |TAMS 0x0000000713c00000, 0x0000000713c00000| Untracked 
| 111|0x0000000713e00000, 0x0000000713e00000, 0x0000000714000000|  0%| F|  |TAMS 0x0000000713e00000, 0x0000000713e00000| Untracked 
| 124|0x0000000715800000, 0x0000000715900000, 0x0000000715a00000| 50%| E|  |TAMS 0x0000000715800000, 0x0000000715800000| Complete 

Card table byte_map: [0x000001d8fc950000,0x000001d8fd120000] _byte_map_base: 0x000001d8f9120000

Marking Bits (Prev, Next): (CMBitMap*) 0x000001d8e4e35ac0, (CMBitMap*) 0x000001d8e4e35a80
 Prev Bits: [0x000001d883e80000, 0x000001d887d00000)
 Next Bits: [0x000001d880000000, 0x000001d883e80000)

Polling page: 0x000001d8e2d80000

Metaspace:

Usage:
  Non-class:     18.14 MB used.
      Class:      2.58 MB used.
       Both:     20.72 MB used.

Virtual space:
  Non-class space:       64.00 MB reserved,      18.38 MB ( 29%) committed,  1 nodes.
      Class space:        1.00 GB reserved,       2.75 MB ( <1%) committed,  1 nodes.
             Both:        1.06 GB reserved,      21.12 MB (  2%) committed. 

Chunk freelists:
   Non-Class:  13.11 MB
       Class:  13.25 MB
        Both:  26.36 MB

MaxMetaspaceSize: unlimited
CompressedClassSpaceSize: 1.00 GB
Initial GC threshold: 21.00 MB
Current GC threshold: 35.25 MB
CDS: on
MetaspaceReclaimPolicy: balanced
 - commit_granule_bytes: 65536.
 - commit_granule_words: 8192.
 - virtual_space_node_default_size: 8388608.
 - enlarge_chunks_in_place: 1.
 - new_chunks_are_fully_committed: 0.
 - uncommit_free_chunks: 1.
 - use_allocation_guard: 0.
 - handle_deallocations: 1.


Internal statistics:

num_allocs_failed_limit: 3.
num_arena_births: 434.
num_arena_deaths: 0.
num_vsnodes_births: 2.
num_vsnodes_deaths: 0.
num_space_committed: 338.
num_space_uncommitted: 0.
num_chunks_returned_to_freelist: 3.
num_chunks_taken_from_freelist: 1217.
num_chunk_merges: 3.
num_chunk_splits: 811.
num_chunks_enlarged: 575.
num_inconsistent_stats: 0.

CodeHeap 'non-profiled nmethods': size=119168Kb used=1481Kb max_used=1481Kb free=117686Kb
 bounds [0x000001d8f4480000, 0x000001d8f46f0000, 0x000001d8fb8e0000]
CodeHeap 'profiled nmethods': size=119104Kb used=6928Kb max_used=6928Kb free=112176Kb
 bounds [0x000001d8ec8e0000, 0x000001d8ecfb0000, 0x000001d8f3d30000]
CodeHeap 'non-nmethods': size=7488Kb used=2899Kb max_used=2962Kb free=4588Kb
 bounds [0x000001d8f3d30000, 0x000001d8f4020000, 0x000001d8f4480000]
 total_blobs=3881 nmethods=3369 adapters=421
 compilation: enabled
              stopped_count=0, restarted_count=0
 full_count=0

Compilation events (20 events):
Event: 1.037 Thread 0x000001d88882a380 3357       3       java.lang.reflect.AnnotatedElement::isAnnotationPresent (16 bytes)
Event: 1.037 Thread 0x000001d88882b370 3361       3       org.springframework.core.annotation.TypeMappedAnnotations::get (8 bytes)
Event: 1.037 Thread 0x000001d888825e40 3358       3       java.lang.reflect.AccessibleObject::isAnnotationPresent (6 bytes)
Event: 1.038 Thread 0x000001d88882a380 nmethod 3357 0x000001d8ecf9f410 code [0x000001d8ecf9f5c0, 0x000001d8ecf9f7e8]
Event: 1.038 Thread 0x000001d88882a380 3360       1       java.lang.reflect.Field::getDeclaringClass (5 bytes)
Event: 1.038 Thread 0x000001d88882b370 nmethod 3361 0x000001d8ecf9f890 code [0x000001d8ecf9fa40, 0x000001d8ecf9fb88]
Event: 1.038 Thread 0x000001d88882a380 nmethod 3360 0x000001d8f45e1b10 code [0x000001d8f45e1ca0, 0x000001d8f45e1d78]
Event: 1.038 Thread 0x000001d887efbdc0 nmethod 3359 0x000001d8ecf9fc10 code [0x000001d8ecf9fe00, 0x000001d8ecfa0248]
Event: 1.038 Thread 0x000001d888825e40 nmethod 3358 0x000001d8ecfa0410 code [0x000001d8ecfa05c0, 0x000001d8ecfa0848]
Event: 1.040 Thread 0x000001d88882a380 3362   !   3       java.util.concurrent.CopyOnWriteArrayList::add (46 bytes)
Event: 1.040 Thread 0x000001d88882a380 nmethod 3362 0x000001d8ecfa0910 code [0x000001d8ecfa0ae0, 0x000001d8ecfa1028]
Event: 1.041 Thread 0x000001d88882a380 3363       1       org.springframework.beans.factory.config.SmartInstantiationAwareBeanPostProcessor::predictBeanType (2 bytes)
Event: 1.041 Thread 0x000001d88882a380 nmethod 3363 0x000001d8f45e1e10 code [0x000001d8f45e1fa0, 0x000001d8f45e2078]
Event: 1.042 Thread 0x000001d88882a380 3364       3       org.springframework.aop.framework.autoproxy.AbstractAutoProxyCreator::predictBeanType (35 bytes)
Event: 1.042 Thread 0x000001d88882a380 nmethod 3364 0x000001d8ecfa1310 code [0x000001d8ecfa1520, 0x000001d8ecfa1d18]
Event: 1.043 Thread 0x000001d8889266b0 3365       4       java.lang.String::indexOf (18 bytes)
Event: 1.043 Thread 0x000001d88882a380 3366       3       java.security.CodeSource::getCertificates (98 bytes)
Event: 1.044 Thread 0x000001d88882a380 nmethod 3366 0x000001d8ecfa1f90 code [0x000001d8ecfa2200, 0x000001d8ecfa2f18]
Event: 1.045 Thread 0x000001d8889266b0 nmethod 3365 0x000001d8f45e2110 code [0x000001d8f45e22a0, 0x000001d8f45e27f8]
Event: 1.053 Thread 0x000001d8889266b0 3367       4       java.util.Properties::load0 (249 bytes)

GC Heap History (4 events):
Event: 0.314 GC heap before
{Heap before GC invocations=0 (full 0):
 garbage-first heap   total 256000K, used 22528K [0x0000000706000000, 0x0000000800000000)
  region size 2048K, 11 young (22528K), 0 survivors (0K)
 Metaspace       used 6348K, committed 6592K, reserved 1114112K
  class space    used 756K, committed 896K, reserved 1048576K
}
Event: 0.316 GC heap after
{Heap after GC invocations=1 (full 0):
 garbage-first heap   total 256000K, used 4315K [0x0000000706000000, 0x0000000800000000)
  region size 2048K, 2 young (4096K), 2 survivors (4096K)
 Metaspace       used 6348K, committed 6592K, reserved 1114112K
  class space    used 756K, committed 896K, reserved 1048576K
}
Event: 0.517 GC heap before
{Heap before GC invocations=1 (full 0):
 garbage-first heap   total 256000K, used 28891K [0x0000000706000000, 0x0000000800000000)
  region size 2048K, 15 young (30720K), 2 survivors (4096K)
 Metaspace       used 12588K, committed 12864K, reserved 1114112K
  class space    used 1534K, committed 1664K, reserved 1048576K
}
Event: 0.520 GC heap after
{Heap after GC invocations=2 (full 0):
 garbage-first heap   total 256000K, used 6416K [0x0000000706000000, 0x0000000800000000)
  region size 2048K, 2 young (4096K), 2 survivors (4096K)
 Metaspace       used 12588K, committed 12864K, reserved 1114112K
  class space    used 1534K, committed 1664K, reserved 1048576K
}

Dll operation events (7 events):
Event: 0.003 Loaded shared library C:\Users\Алексей\AppData\Local\Programs\Microsoft\jdk-17.0.14.7-hotspot\bin\java.dll
Event: 0.014 Loaded shared library C:\Users\Алексей\AppData\Local\Programs\Microsoft\jdk-17.0.14.7-hotspot\bin\jsvml.dll
Event: 0.040 Loaded shared library C:\Users\Алексей\AppData\Local\Programs\Microsoft\jdk-17.0.14.7-hotspot\bin\net.dll
Event: 0.041 Loaded shared library C:\Users\Алексей\AppData\Local\Programs\Microsoft\jdk-17.0.14.7-hotspot\bin\nio.dll
Event: 0.043 Loaded shared library C:\Users\Алексей\AppData\Local\Programs\Microsoft\jdk-17.0.14.7-hotspot\bin\zip.dll
Event: 0.085 Loaded shared library C:\Users\Алексей\AppData\Local\Programs\Microsoft\jdk-17.0.14.7-hotspot\bin\jimage.dll
Event: 0.615 Loaded shared library C:\Users\Алексей\AppData\Local\Programs\Microsoft\jdk-17.0.14.7-hotspot\bin\sunmscapi.dll

Deoptimization events (20 events):
Event: 0.991 Thread 0x000001d8e4dc1f90 DEOPT PACKING pc=0x000001d8f45a7c88 sp=0x000000228a1feca0
Event: 0.991 Thread 0x000001d8e4dc1f90 DEOPT UNPACKING pc=0x000001d8f3d869a3 sp=0x000000228a1fec48 mode 2
Event: 0.996 Thread 0x000001d8e4dc1f90 Uncommon trap: trap_request=0xffffff45 fr.pc=0x000001d8f45d2bbc relative=0x00000000000036bc
Event: 0.996 Thread 0x000001d8e4dc1f90 Uncommon trap: reason=unstable_if action=reinterpret pc=0x000001d8f45d2bbc method=org.springframework.beans.factory.support.AbstractBeanFactory.hasInstantiationAwareBeanPostProcessors()Z @ 12 c2
Event: 0.996 Thread 0x000001d8e4dc1f90 DEOPT PACKING pc=0x000001d8f45d2bbc sp=0x000000228a1fee20
Event: 0.996 Thread 0x000001d8e4dc1f90 DEOPT UNPACKING pc=0x000001d8f3d869a3 sp=0x000000228a1fecd8 mode 2
Event: 1.013 Thread 0x000001d8e4dc1f90 Uncommon trap: trap_request=0xffffff45 fr.pc=0x000001d8f45bbc08 relative=0x00000000000006a8
Event: 1.013 Thread 0x000001d8e4dc1f90 Uncommon trap: reason=unstable_if action=reinterpret pc=0x000001d8f45bbc08 method=org.springframework.beans.factory.support.AbstractBeanFactory.hasInstantiationAwareBeanPostProcessors()Z @ 12 c2
Event: 1.013 Thread 0x000001d8e4dc1f90 DEOPT PACKING pc=0x000001d8f45bbc08 sp=0x000000228a1fedb0
Event: 1.013 Thread 0x000001d8e4dc1f90 DEOPT UNPACKING pc=0x000001d8f3d869a3 sp=0x000000228a1fecb0 mode 2
Event: 1.015 Thread 0x000001d8e4dc1f90 Uncommon trap: trap_request=0xffffff45 fr.pc=0x000001d8f45c0be0 relative=0x00000000000001e0
Event: 1.016 Thread 0x000001d8e4dc1f90 Uncommon trap: reason=unstable_if action=reinterpret pc=0x000001d8f45c0be0 method=org.springframework.beans.factory.support.AbstractBeanFactory.getBeanPostProcessorCache()Lorg/springframework/beans/factory/support/AbstractBeanFactory$BeanPostProcessorCach
Event: 1.016 Thread 0x000001d8e4dc1f90 DEOPT PACKING pc=0x000001d8f45c0be0 sp=0x000000228a1fec90
Event: 1.016 Thread 0x000001d8e4dc1f90 DEOPT UNPACKING pc=0x000001d8f3d869a3 sp=0x000000228a1fec20 mode 2
Event: 1.020 Thread 0x000001d8e4dc1f90 Uncommon trap: trap_request=0xffffff45 fr.pc=0x000001d8f45af65c relative=0x000000000000077c
Event: 1.020 Thread 0x000001d8e4dc1f90 Uncommon trap: reason=unstable_if action=reinterpret pc=0x000001d8f45af65c method=org.springframework.beans.factory.support.DefaultSingletonBeanRegistry.getSingleton(Ljava/lang/String;Z)Ljava/lang/Object; @ 20 c2
Event: 1.020 Thread 0x000001d8e4dc1f90 DEOPT PACKING pc=0x000001d8f45af65c sp=0x000000228a1fd980
Event: 1.020 Thread 0x000001d8e4dc1f90 DEOPT UNPACKING pc=0x000001d8f3d869a3 sp=0x000000228a1fd920 mode 2
Event: 1.053 Thread 0x000001d8e4dc1f90 DEOPT PACKING pc=0x000001d8ecd5f8c9 sp=0x000000228a1fc840
Event: 1.053 Thread 0x000001d8e4dc1f90 DEOPT UNPACKING pc=0x000001d8f3d87143 sp=0x000000228a1fbcf8 mode 0

Classes loaded (20 events):
Event: 0.972 Loading class java/lang/invoke/MethodHandleImpl$CountingWrapper
Event: 0.972 Loading class java/lang/invoke/MethodHandleImpl$CountingWrapper done
Event: 0.986 Loading class java/util/DualPivotQuicksort
Event: 0.986 Loading class java/util/DualPivotQuicksort done
Event: 0.990 Loading class jdk/internal/reflect/UnsafeFieldAccessorFactory
Event: 0.990 Loading class jdk/internal/reflect/UnsafeFieldAccessorFactory done
Event: 0.990 Loading class jdk/internal/reflect/UnsafeStaticObjectFieldAccessorImpl
Event: 0.990 Loading class jdk/internal/reflect/UnsafeStaticObjectFieldAccessorImpl done
Event: 0.995 Loading class java/net/SocketException
Event: 0.995 Loading class java/net/SocketException done
Event: 1.019 Loading class javax/naming/NameNotFoundException
Event: 1.019 Loading class javax/naming/NameNotFoundException done
Event: 1.039 Loading class java/text/MessageFormat
Event: 1.039 Loading class java/text/MessageFormat done
Event: 1.048 Loading class java/net/URLClassLoader
Event: 1.048 Loading class java/net/URLClassLoader done
Event: 1.051 Loading class java/nio/file/InvalidPathException
Event: 1.051 Loading class java/nio/file/InvalidPathException done
Event: 1.052 Loading class java/lang/UnsatisfiedLinkError
Event: 1.052 Loading class java/lang/UnsatisfiedLinkError done

Classes unloaded (0 events):
No events

Classes redefined (0 events):
No events

Internal exceptions (20 events):
Event: 0.951 Thread 0x000001d8e4dc1f90 Exception <a 'java/lang/NoSuchMethodError'{0x0000000712db55c8}: 'java.lang.Object java.lang.invoke.Invokers$Holder.invoker(java.lang.Object, java.lang.Object, java.lang.Object, java.lang.Object, java.lang.Object, java.lang.Object, java.lang.Object, java.lang.Object, java.lang.Object, java.lang.Object, java.lang.Object, java.lang.Object, java.lang.Object, java.lang.Object)'> (0x0000000712db55c8) 
thrown [s\src\hotspot\share\interpreter\linkResolver.cpp, line 759]
Event: 0.951 Thread 0x000001d8e4dc1f90 Exception <a 'java/lang/NoSuchMethodError'{0x0000000712dbac10}: 'java.lang.Object java.lang.invoke.DirectMethodHandle$Holder.invokeSpecial(java.lang.Object, java.lang.Object, java.lang.Object, java.lang.Object, java.lang.Object, java.lang.Object, java.lang.Object, java.lang.Object, java.lang.Object, java.lang.Object, java.lang.Object, java.lang.Object, java.lang.Object, java.lang.Object, java.lang.Object)'> (0x0000000712dbac10) 
thrown [s\src\hotspot\share\interpreter\linkResolver.cpp, line 759]
Event: 0.953 Thread 0x000001d8e4dc1f90 Exception <a 'java/lang/NoSuchMethodError'{0x0000000712dca690}: 'int java.lang.invoke.DirectMethodHandle$Holder.invokeVirtual(java.lang.Object, java.lang.Object, java.lang.Object)'> (0x0000000712dca690) 
thrown [s\src\hotspot\share\interpreter\linkResolver.cpp, line 759]
Event: 0.953 Thread 0x000001d8e4dc1f90 Exception <a 'java/lang/NoSuchMethodError'{0x0000000712dcdf48}: 'int java.lang.invoke.DirectMethodHandle$Holder.invokeVirtual(java.lang.Object, java.lang.Object)'> (0x0000000712dcdf48) 
thrown [s\src\hotspot\share\interpreter\linkResolver.cpp, line 759]
Event: 0.953 Thread 0x000001d8e4dc1f90 Exception <a 'java/lang/NoSuchMethodError'{0x0000000712dd2148}: 'int java.lang.invoke.DirectMethodHandle$Holder.invokeStaticInit(java.lang.Object, int, int)'> (0x0000000712dd2148) 
thrown [s\src\hotspot\share\interpreter\linkResolver.cpp, line 759]
Event: 0.954 Thread 0x000001d8e4dc1f90 Exception <a 'java/lang/NoSuchMethodError'{0x0000000712dd9a30}: 'int java.lang.invoke.DirectMethodHandle$Holder.invokeStaticInit(java.lang.Object, long, long)'> (0x0000000712dd9a30) 
thrown [s\src\hotspot\share\interpreter\linkResolver.cpp, line 759]
Event: 0.954 Thread 0x000001d8e4dc1f90 Exception <a 'java/lang/NoSuchMethodError'{0x0000000712de0880}: 'int java.lang.invoke.DirectMethodHandle$Holder.invokeStaticInit(java.lang.Object, float, float)'> (0x0000000712de0880) 
thrown [s\src\hotspot\share\interpreter\linkResolver.cpp, line 759]
Event: 0.954 Thread 0x000001d8e4dc1f90 Exception <a 'java/lang/NoSuchMethodError'{0x0000000712de76d8}: 'int java.lang.invoke.DirectMethodHandle$Holder.invokeStaticInit(java.lang.Object, double, double)'> (0x0000000712de76d8) 
thrown [s\src\hotspot\share\interpreter\linkResolver.cpp, line 759]
Event: 0.954 Thread 0x000001d8e4dc1f90 Exception <a 'java/lang/NoSuchMethodError'{0x0000000712debca8}: 'int java.lang.invoke.DirectMethodHandle$Holder.invokeStatic(java.lang.Object, long)'> (0x0000000712debca8) 
thrown [s\src\hotspot\share\interpreter\linkResolver.cpp, line 759]
Event: 0.957 Thread 0x000001d8e4dc1f90 Exception <a 'java/lang/NoSuchMethodError'{0x0000000712a108d0}: 'int java.lang.invoke.DirectMethodHandle$Holder.invokeSpecial(java.lang.Object, java.lang.Object, int)'> (0x0000000712a108d0) 
thrown [s\src\hotspot\share\interpreter\linkResolver.cpp, line 759]
Event: 0.957 Thread 0x000001d8e4dc1f90 Exception <a 'java/lang/NoSuchMethodError'{0x0000000712a18230}: 'int java.lang.invoke.Invokers$Holder.linkToTargetMethod(java.lang.Object, java.lang.Object)'> (0x0000000712a18230) 
thrown [s\src\hotspot\share\interpreter\linkResolver.cpp, line 759]
Event: 0.968 Thread 0x000001d8e4dc1f90 Exception <a 'java/lang/NoSuchMethodError'{0x0000000712ac9180}: 'java.lang.Object java.lang.invoke.DirectMethodHandle$Holder.invokeSpecial(java.lang.Object, java.lang.Object, java.lang.Object, java.lang.Object, java.lang.Object, java.lang.Object, java.lang.Object, java.lang.Object, java.lang.Object, java.lang.Object)'> (0x0000000712ac9180) 
thrown [s\src\hotspot\share\interpreter\linkResolver.cpp, line 759]
Event: 0.968 Thread 0x000001d8e4dc1f90 Exception <a 'java/lang/NoSuchMethodError'{0x0000000712acd768}: 'java.lang.Object java.lang.invoke.Invokers$Holder.invoke_MT(java.lang.Object, java.lang.Object, java.lang.Object, java.lang.Object, java.lang.Object, java.lang.Object, java.lang.Object, java.lang.Object, java.lang.Object, java.lang.Object)'> (0x0000000712acd768) 
thrown [s\src\hotspot\share\interpreter\linkResolver.cpp, line 759]
Event: 0.971 Thread 0x000001d8e4dc1f90 Exception <a 'java/lang/NoSuchMethodError'{0x0000000712b0d078}: 'java.lang.Object java.lang.invoke.DirectMethodHandle$Holder.invokeSpecial(java.lang.Object, java.lang.Object, int, java.lang.Object, java.lang.Object)'> (0x0000000712b0d078) 
thrown [s\src\hotspot\share\interpreter\linkResolver.cpp, line 759]
Event: 0.972 Thread 0x000001d8e4dc1f90 Exception <a 'java/lang/NoSuchMethodError'{0x0000000712b10d20}: 'java.lang.Object java.lang.invoke.DelegatingMethodHandle$Holder.delegate(java.lang.Object, int, java.lang.Object, java.lang.Object)'> (0x0000000712b10d20) 
thrown [s\src\hotspot\share\interpreter\linkResolver.cpp, line 759]
Event: 0.973 Thread 0x000001d8e4dc1f90 Exception <a 'java/lang/NoSuchMethodError'{0x0000000712b21b88}: 'int java.lang.invoke.Invokers$Holder.linkToTargetMethod(java.lang.Object, java.lang.Object, java.lang.Object)'> (0x0000000712b21b88) 
thrown [s\src\hotspot\share\interpreter\linkResolver.cpp, line 759]
Event: 0.994 Thread 0x000001d8e4dc1f90 Exception <a 'java/lang/NoSuchMethodError'{0x0000000712bfc950}: 'java.lang.Object java.lang.invoke.DirectMethodHandle$Holder.newInvokeSpecial(java.lang.Object, java.lang.Object, java.lang.Object, java.lang.Object, java.lang.Object, java.lang.Object)'> (0x0000000712bfc950) 
thrown [s\src\hotspot\share\interpreter\linkResolver.cpp, line 759]
Event: 1.003 Thread 0x000001d8e4dc1f90 Exception <a 'java/lang/NoClassDefFoundError'{0x000000071292f988}: org/flywaydb/core/Flyway> (0x000000071292f988) 
thrown [s\src\hotspot\share\classfile\systemDictionary.cpp, line 245]
Event: 1.003 Thread 0x000001d8e4dc1f90 Exception <a 'java/lang/NoClassDefFoundError'{0x0000000712930fe8}: liquibase/integration/spring/SpringLiquibase> (0x0000000712930fe8) 
thrown [s\src\hotspot\share\classfile\systemDictionary.cpp, line 245]
Event: 1.030 Thread 0x000001d8e4dc1f90 Exception <a 'java/lang/NoSuchMethodError'{0x000000071265f5b8}: 'void java.lang.invoke.DirectMethodHandle$Holder.invokeSpecial(java.lang.Object, java.lang.Object, java.lang.Object, java.lang.Object, java.lang.Object, java.lang.Object)'> (0x000000071265f5b8) 
thrown [s\src\hotspot\share\interpreter\linkResolver.cpp, line 759]

VM Operations (20 events):
Event: 0.544 Executing VM operation: HandshakeAllThreads
Event: 0.544 Executing VM operation: HandshakeAllThreads done
Event: 0.572 Executing VM operation: HandshakeAllThreads
Event: 0.572 Executing VM operation: HandshakeAllThreads done
Event: 0.598 Executing VM operation: HandshakeAllThreads
Event: 0.598 Executing VM operation: HandshakeAllThreads done
Event: 0.605 Executing VM operation: HandshakeAllThreads
Event: 0.605 Executing VM operation: HandshakeAllThreads done
Event: 0.648 Executing VM operation: HandshakeAllThreads
Event: 0.649 Executing VM operation: HandshakeAllThreads done
Event: 0.688 Executing VM operation: ICBufferFull
Event: 0.688 Executing VM operation: ICBufferFull done
Event: 0.861 Executing VM operation: ICBufferFull
Event: 0.861 Executing VM operation: ICBufferFull done
Event: 0.961 Executing VM operation: HandshakeAllThreads
Event: 0.961 Executing VM operation: HandshakeAllThreads done
Event: 1.034 Executing VM operation: HandshakeAllThreads
Event: 1.034 Executing VM operation: HandshakeAllThreads done
Event: 1.035 Executing VM operation: HandshakeAllThreads
Event: 1.035 Executing VM operation: HandshakeAllThreads done

Memory protections (0 events):
No events

Nmethod flushes (0 events):
No events

Events (20 events):
Event: 0.021 Thread 0x000001d8e4dc1f90 Thread added: 0x000001d887eec4a0
Event: 0.021 Thread 0x000001d8e4dc1f90 Thread added: 0x000001d887eefd90
Event: 0.021 Thread 0x000001d8e4dc1f90 Thread added: 0x000001d887ef1a70
Event: 0.021 Thread 0x000001d8e4dc1f90 Thread added: 0x000001d887ef8370
Event: 0.021 Thread 0x000001d8e4dc1f90 Thread added: 0x000001d887ef9020
Event: 0.021 Thread 0x000001d8e4dc1f90 Thread added: 0x000001d887efbdc0
Event: 0.021 Thread 0x000001d8e4dc1f90 Thread added: 0x000001d887efe6e0
Event: 0.034 Thread 0x000001d887efbdc0 Thread added: 0x000001d888825e40
Event: 0.034 Thread 0x000001d887efbdc0 Thread added: 0x000001d88882a380
Event: 0.034 Thread 0x000001d887efbdc0 Thread added: 0x000001d88882b370
Event: 0.035 Thread 0x000001d8e4dc1f90 Thread added: 0x000001d888866670
Event: 0.037 Thread 0x000001d8e4dc1f90 Thread added: 0x000001d888866b80
Event: 0.056 Thread 0x000001d88882a380 Thread added: 0x000001d888a77380
Event: 0.057 Thread 0x000001d88882a380 Thread added: 0x000001d8889266b0
Event: 0.423 Thread 0x000001d8e4dc1f90 Thread added: 0x000001d888865740
Event: 0.621 Thread 0x000001d888865740 Thread exited: 0x000001d888865740
Event: 0.627 Thread 0x000001d8e4dc1f90 Thread added: 0x000001d888865740
Event: 0.634 Thread 0x000001d888865740 Thread exited: 0x000001d888865740
Event: 0.727 Thread 0x000001d88882b370 Thread added: 0x000001d8d6a3c110
Event: 0.737 Thread 0x000001d88882b370 Thread added: 0x000001d8d6f68d60


Dynamic libraries:
0x00007ff69b720000 - 0x00007ff69b72e000 	C:\Users\Алексей\AppData\Local\Programs\Microsoft\jdk-17.0.14.7-hotspot\bin\java.exe
0x00007ffd646b0000 - 0x00007ffd648a8000 	C:\Windows\SYSTEM32\ntdll.dll
0x00007ffd63470000 - 0x00007ffd63532000 	C:\Windows\System32\KERNEL32.DLL
0x00007ffd61d80000 - 0x00007ffd6207f000 	C:\Windows\System32\KERNELBASE.dll
0x00007ffd624b0000 - 0x00007ffd625b0000 	C:\Windows\System32\ucrtbase.dll
0x00007ffd5c190000 - 0x00007ffd5c1ad000 	C:\Users\Алексей\AppData\Local\Programs\Microsoft\jdk-17.0.14.7-hotspot\bin\VCRUNTIME140.dll
0x00007ffd59da0000 - 0x00007ffd59db7000 	C:\Users\Алексей\AppData\Local\Programs\Microsoft\jdk-17.0.14.7-hotspot\bin\jli.dll
0x00007ffd636d0000 - 0x00007ffd6386d000 	C:\Windows\System32\USER32.dll
0x00007ffd62230000 - 0x00007ffd62252000 	C:\Windows\System32\win32u.dll
0x00007ffd64640000 - 0x00007ffd6466b000 	C:\Windows\System32\GDI32.dll
0x00007ffd51420000 - 0x00007ffd516ba000 	C:\Windows\WinSxS\amd64_microsoft.windows.common-controls_6595b64144ccf1df_6.0.19041.4355_none_60b8b9eb71f62e16\COMCTL32.dll
0x00007ffd625b0000 - 0x00007ffd626ca000 	C:\Windows\System32\gdi32full.dll
0x00007ffd62360000 - 0x00007ffd623fd000 	C:\Windows\System32\msvcp_win.dll
0x00007ffd626d0000 - 0x00007ffd6276e000 	C:\Windows\System32\msvcrt.dll
0x00007ffd62e00000 - 0x00007ffd62e2f000 	C:\Windows\System32\IMM32.DLL
0x0000000055c70000 - 0x0000000055c7c000 	D:\проги и полезные утилиты\360\Total Security\safemon\SafeWrapper.dll
0x00007ffd633b0000 - 0x00007ffd6345f000 	C:\Windows\System32\ADVAPI32.dll
0x00007ffd645a0000 - 0x00007ffd6463f000 	C:\Windows\System32\sechost.dll
0x00007ffd62c10000 - 0x00007ffd62d33000 	C:\Windows\System32\RPCRT4.dll
0x00007ffd61d50000 - 0x00007ffd61d77000 	C:\Windows\System32\bcrypt.dll
0x00007ffd1b480000 - 0x00007ffd1b52c000 	D:\проги и полезные утилиты\360\Total Security\safemon\libzdtp64.dll
0x00007ffd63cf0000 - 0x00007ffd6445d000 	C:\Windows\System32\SHELL32.dll
0x00007ffd63350000 - 0x00007ffd633a5000 	C:\Windows\System32\SHLWAPI.dll
0x00007ffd618d0000 - 0x00007ffd618da000 	C:\Windows\SYSTEM32\VERSION.dll
0x00007ffd5d0e0000 - 0x00007ffd5d0ec000 	C:\Users\Алексей\AppData\Local\Programs\Microsoft\jdk-17.0.14.7-hotspot\bin\vcruntime140_1.dll
0x00007ffd32d30000 - 0x00007ffd32dbd000 	C:\Users\Алексей\AppData\Local\Programs\Microsoft\jdk-17.0.14.7-hotspot\bin\msvcp140.dll
0x00007ffd0b950000 - 0x00007ffd0c5c2000 	C:\Users\Алексей\AppData\Local\Programs\Microsoft\jdk-17.0.14.7-hotspot\bin\server\jvm.dll
0x00007ffd63540000 - 0x00007ffd635ab000 	C:\Windows\System32\WS2_32.dll
0x00007ffd61270000 - 0x00007ffd612bb000 	C:\Windows\SYSTEM32\POWRPROF.dll
0x00007ffd561f0000 - 0x00007ffd56217000 	C:\Windows\SYSTEM32\WINMM.dll
0x00007ffd610e0000 - 0x00007ffd610f2000 	C:\Windows\SYSTEM32\UMPDC.dll
0x00007ffd5fd40000 - 0x00007ffd5fd52000 	C:\Windows\SYSTEM32\kernel.appcore.dll
0x00007ffd59be0000 - 0x00007ffd59bea000 	C:\Users\Алексей\AppData\Local\Programs\Microsoft\jdk-17.0.14.7-hotspot\bin\jimage.dll
0x00007ffd5f880000 - 0x00007ffd5fa64000 	C:\Windows\SYSTEM32\DBGHELP.DLL
0x00007ffd3dd60000 - 0x00007ffd3dd94000 	C:\Windows\SYSTEM32\dbgcore.DLL
0x00007ffd622d0000 - 0x00007ffd62352000 	C:\Windows\System32\bcryptPrimitives.dll
0x00007ffd59b60000 - 0x00007ffd59b85000 	C:\Users\Алексей\AppData\Local\Programs\Microsoft\jdk-17.0.14.7-hotspot\bin\java.dll
0x00007ffd32160000 - 0x00007ffd32237000 	C:\Users\Алексей\AppData\Local\Programs\Microsoft\jdk-17.0.14.7-hotspot\bin\jsvml.dll
0x00007ffd5fd60000 - 0x00007ffd60504000 	C:\Windows\SYSTEM32\windows.storage.dll
0x00007ffd62fe0000 - 0x00007ffd63335000 	C:\Windows\System32\combase.dll
0x00007ffd61710000 - 0x00007ffd6173f000 	C:\Windows\SYSTEM32\Wldp.dll
0x00007ffd62e30000 - 0x00007ffd62efd000 	C:\Windows\System32\OLEAUT32.dll
0x00007ffd62b60000 - 0x00007ffd62c0d000 	C:\Windows\System32\SHCORE.dll
0x00007ffd61c80000 - 0x00007ffd61ca4000 	C:\Windows\SYSTEM32\profapi.dll
0x00007ffd59a10000 - 0x00007ffd59a2a000 	C:\Users\Алексей\AppData\Local\Programs\Microsoft\jdk-17.0.14.7-hotspot\bin\net.dll
0x00007ffd5e290000 - 0x00007ffd5e39a000 	C:\Windows\SYSTEM32\WINHTTP.dll
0x00007ffd61470000 - 0x00007ffd614dc000 	C:\Windows\system32\mswsock.dll
0x00007ffd599f0000 - 0x00007ffd59a06000 	C:\Users\Алексей\AppData\Local\Programs\Microsoft\jdk-17.0.14.7-hotspot\bin\nio.dll
0x00007ffd59900000 - 0x00007ffd59918000 	C:\Users\Алексей\AppData\Local\Programs\Microsoft\jdk-17.0.14.7-hotspot\bin\zip.dll
0x00007ffd59bd0000 - 0x00007ffd59bde000 	C:\Users\Алексей\AppData\Local\Programs\Microsoft\jdk-17.0.14.7-hotspot\bin\sunmscapi.dll
0x00007ffd620d0000 - 0x00007ffd6222c000 	C:\Windows\System32\CRYPT32.dll
0x00007ffd61780000 - 0x00007ffd617a7000 	C:\Windows\SYSTEM32\ncrypt.dll
0x00007ffd61740000 - 0x00007ffd6177b000 	C:\Windows\SYSTEM32\NTASN1.dll

dbghelp: loaded successfully - version: 4.0.5 - missing functions: none
symbol engine: initialized successfully - sym options: 0x614 - pdb path: .;C:\Users\Алексей\AppData\Local\Programs\Microsoft\jdk-17.0.14.7-hotspot\bin;C:\Windows\SYSTEM32;C:\Windows\WinSxS\amd64_microsoft.windows.common-controls_6595b64144ccf1df_6.0.19041.4355_none_60b8b9eb71f62e16;D:\проги и полезные утилиты\360\Total Security\safemon;C:\Users\Алексей\AppData\Local\Programs\Microsoft\jdk-17.0.14.7-hotspot\bin\server

VM Arguments:
jvm_args: -XX:+ShowCodeDetailsInExceptionMessages 
java_command: com.example.tryme.TrymeApplication
java_class_path (initial): D:\Lectures\ПнаЯВУ\LR\4 semester\1lab\tryme\target\classes;C:\Users\Алексей\.m2\repository\org\springframework\boot\spring-boot-starter-web\3.4.3\spring-boot-starter-web-3.4.3.jar;C:\Users\Алексей\.m2\repository\org\springframework\boot\spring-boot-starter\3.4.3\spring-boot-starter-3.4.3.jar;C:\Users\Алексей\.m2\repository\org\springframework\boot\spring-boot\3.4.3\spring-boot-3.4.3.jar;C:\Users\Алексей\.m2\repository\org\springframework\boot\spring-boot-autoconfigure\3.4.3\spring-boot-autoconfigure-3.4.3.jar;C:\Users\Алексей\.m2\repository\org\springframework\boot\spring-boot-starter-logging\3.4.3\spring-boot-starter-logging-3.4.3.jar;C:\Users\Алексей\.m2\repository\ch\qos\logback\logback-classic\1.5.16\logback-classic-1.5.16.jar;C:\Users\Алексей\.m2\repository\ch\qos\logback\logback-core\1.5.16\logback-core-1.5.16.jar;C:\Users\Алексей\.m2\repository\org\apache\logging\log4j\log4j-to-slf4j\2.24.3\log4j-to-slf4j-2.24.3.jar;C:\Users\Алексей\.m2\repository\org\apache\logging\log4j\log4j-api\2.24.3\log4j-api-2.24.3.jar;C:\Users\Алексей\.m2\repository\org\slf4j\jul-to-slf4j\2.0.16\jul-to-slf4j-2.0.16.jar;C:\Users\Алексей\.m2\repository\jakarta\annotation\jakarta.annotation-api\2.1.1\jakarta.annotation-api-2.1.1.jar;C:\Users\Алексей\.m2\repository\org\yaml\snakeyaml\2.3\snakeyaml-2.3.jar;C:\Users\Алексей\.m2\repository\org\springframework\boot\spring-boot-starter-json\3.4.3\spring-boot-starter-json-3.4.3.jar;C:\Users\Алексей\.m2\repository\com\fasterxml\jackson\core\jackson-databind\2.18.2\jackson-databind-2.18.2.jar;C:\Users\Алексей\.m2\repository\com\fasterxml\jackson\core\jackson-annotations\2.18.2\jackson-annotations-2.18.2.jar;C:\Users\Алексей\.m2\repository\com\fasterxml\jackson\core\jackson-core\2.18.2\jackson-core-2.18.2.jar;C:\Users\Алексей\.m2\repository\com\fasterxml\jackson\datatype\jackson-datatype-jdk8\2.18.2\jackson-datatype-jdk8-2.18.2.jar;C:\Users\Алексей\.m2\repository\com\fasterxml\jackson\datatype\jackson-datatype-jsr310\2
Launcher Type: SUN_STANDARD

[Global flags]
     intx CICompilerCount                          = 12                                        {product} {ergonomic}
     uint ConcGCThreads                            = 3                                         {product} {ergonomic}
     uint G1ConcRefinementThreads                  = 13                                        {product} {ergonomic}
   size_t G1HeapRegionSize                         = 2097152                                   {product} {ergonomic}
    uintx GCDrainStackTargetSize                   = 64                                        {product} {ergonomic}
   size_t InitialHeapSize                          = 262144000                                 {product} {ergonomic}
   size_t MarkStackSize                            = 4194304                                   {product} {ergonomic}
   size_t MaxHeapSize                              = 4194304000                                {product} {ergonomic}
   size_t MaxNewSize                               = 2516582400                                {product} {ergonomic}
   size_t MinHeapDeltaBytes                        = 2097152                                   {product} {ergonomic}
   size_t MinHeapSize                              = 8388608                                   {product} {ergonomic}
    uintx NonNMethodCodeHeapSize                   = 7602480                                {pd product} {ergonomic}
    uintx NonProfiledCodeHeapSize                  = 122027880                              {pd product} {ergonomic}
    uintx ProfiledCodeHeapSize                     = 122027880                              {pd product} {ergonomic}
    uintx ReservedCodeCacheSize                    = 251658240                              {pd product} {ergonomic}
     bool SegmentedCodeCache                       = true                                      {product} {ergonomic}
     bool ShowCodeDetailsInExceptionMessages       = true                                   {manageable} {command line}
   size_t SoftMaxHeapSize                          = 4194304000                             {manageable} {ergonomic}
     bool UseCompressedClassPointers               = true                           {product lp64_product} {ergonomic}
     bool UseCompressedOops                        = true                           {product lp64_product} {ergonomic}
     bool UseG1GC                                  = true                                      {product} {ergonomic}
     bool UseLargePagesIndividualAllocation        = false                                  {pd product} {ergonomic}

Logging:
Log output configuration:
 #0: stdout all=warning uptime,level,tags
 #1: stderr all=off uptime,level,tags

Environment Variables:
PATH=D:\JDK\bin;C:\Windows\system32;C:\Windows;C:\Windows\System32\Wbem;C:\Windows\System32\WindowsPowerShell\v1.0\;C:\Windows\System32\OpenSSH\;C:\Program Files (x86)\Windows Kits\10\Windows Performance Toolkit\;C:\Program Files\dotnet\;D:\проги и полезные утилиты\Git\cmd;C:\Users\Алексей\AppData\Local\Programs\Microsoft\jdk-17.0.14.7-hotspot\bin;C:\Users\Алексей\AppData\Local\Microsoft\WindowsApps;D:\проги и полезные утилиты\Microsoft VS Code\bin
USERNAME=Алексей
LANG=en_US.UTF-8
OS=Windows_NT
PROCESSOR_IDENTIFIER=Intel64 Family 6 Model 154 Stepping 3, GenuineIntel
TMP=C:\Users\CD86~1\AppData\Local\Temp
TEMP=C:\Users\CD86~1\AppData\Local\Temp



Periodic native trim disabled


---------------  S Y S T E M  ---------------

OS:
 Windows 10 , 64 bit Build 19041 (10.0.19041.5438)
OS uptime: 8 days 20:47 hours

CPU: total 16 (initial active 16) (8 cores per cpu, 2 threads per core) family 6 model 154 stepping 3 microcode 0x423, cx8, cmov, fxsr, ht, mmx, 3dnowpref, sse, sse2, sse3, ssse3, sse4.1, sse4.2, popcnt, lzcnt, tsc, tscinvbit, avx, avx2, aes, erms, clmul, bmi1, bmi2, adx, sha, fma, vzeroupper, clflush, clflushopt, clwb
Processor Information for the first 16 processors :
  Max Mhz: 2500, Current Mhz: 2500, Mhz Limit: 2500

Memory: 4k page, system-wide physical 15999M (911M free)
TotalPageFile size 35290M (AvailPageFile size 140M)
current process WorkingSet (physical memory assigned to process): 198M, peak: 199M
current process commit charge ("private bytes"): 314M, peak: 453M

vm_info: OpenJDK 64-Bit Server VM (17.0.14+7-LTS) for windows-amd64 JRE (17.0.14+7-LTS), built on Jan  8 2025 23:39:28 by "MicrosoftCorporation" with unknown MS VC++:1939

END.
