#
# There is insufficient memory for the Java Runtime Environment to continue.
# Native memory allocation (malloc) failed to allocate 268240 bytes. Error detail: Chunk::new
# Possible reasons:
#   The system is out of physical RAM or swap space
#   This process is running with CompressedOops enabled, and the Java Heap may be blocking the growth of the native heap
# Possible solutions:
#   Reduce memory load on the system
#   Increase physical memory or swap space
#   Check if swap backing store is full
#   Decrease Java heap size (-Xmx/-Xms)
#   Decrease number of Java threads
#   Decrease Java thread stack sizes (-Xss)
#   Set larger code cache with -XX:ReservedCodeCacheSize=
#   JVM is running with Zero Based Compressed Oops mode in which the Java heap is
#     placed in the first 32GB address space. The Java Heap base address is the
#     maximum limit for the native heap growth. Please use -XX:HeapBaseMinAddress
#     to set the Java Heap base and to place the Java Heap above 32GB virtual address.
# This output file may be truncated or incomplete.
#
#  Out of Memory Error (arena.cpp:191), pid=14264, tid=14924
#
# JRE version: OpenJDK Runtime Environment Microsoft-10800295 (17.0.14+7) (build 17.0.14+7-LTS)
# Java VM: OpenJDK 64-Bit Server VM Microsoft-10800295 (17.0.14+7-LTS, mixed mode, sharing, tiered, compressed oops, compressed class ptrs, g1 gc, windows-amd64)
# No core dump will be written. Minidumps are not enabled by default on client versions of Windows
#

---------------  S U M M A R Y ------------

Command Line: -XX:+ShowCodeDetailsInExceptionMessages com.example.tryme.TrymeApplication

Host: 12th Gen Intel(R) Core(TM) i5-12500H, 16 cores, 15G,  Windows 10 , 64 bit Build 19041 (10.0.19041.5438)
Time: Mon Mar 10 17:11:01 2025 RTZ 2 (s 10 , 64 bit Build 19041 (10.0.19041.5438) elapsed time: 0.610635 seconds (0d 0h 0m 0s)

---------------  T H R E A D  ---------------

Current thread (0x0000027a7ca166b0):  JavaThread "C2 CompilerThread3" daemon [_thread_in_native, id=14924, stack(0x000000ea72d00000,0x000000ea72e00000)]


Current CompileTask:
C2:    610 2080       4       java.net.URLStreamHandler::setURL (73 bytes)

Stack: [0x000000ea72d00000,0x000000ea72e00000]
Native frames: (J=compiled Java code, j=interpreted, Vv=VM code, C=native code)
V  [jvm.dll+0x6886b9]
V  [jvm.dll+0x83f6f8]
V  [jvm.dll+0x8411a3]
V  [jvm.dll+0x841813]
V  [jvm.dll+0x2495cf]
V  [jvm.dll+0xad0d4]
V  [jvm.dll+0xad76c]
V  [jvm.dll+0x36ae0e]
V  [jvm.dll+0x335403]
V  [jvm.dll+0x33489a]
V  [jvm.dll+0x21a7e8]
V  [jvm.dll+0x219c1f]
V  [jvm.dll+0x1a5596]
V  [jvm.dll+0x22a27a]
V  [jvm.dll+0x2283bb]
V  [jvm.dll+0x7f4f48]
V  [jvm.dll+0x7ef2ac]
V  [jvm.dll+0x687597]
C  [ucrtbase.dll+0x21bb2]
C  [KERNEL32.DLL+0x17374]
C  [ntdll.dll+0x4cc91]


---------------  P R O C E S S  ---------------

Threads class SMR info:
_java_thread_list=0x0000027a7d8d5ce0, length=19, elements={
0x0000027a58f8de60, 0x0000027a7be9ffc0, 0x0000027a7bea0e40, 0x0000027a7beb8150,
0x0000027a7bebbc30, 0x0000027a7bebc5f0, 0x0000027a7bec0fd0, 0x0000027a7bec3cd0,
0x0000027a7bec46d0, 0x0000027a7bec70e0, 0x0000027a7c894770, 0x0000027a7c95f3e0,
0x0000027a7c95f8f0, 0x0000027a7cb83ff0, 0x0000027a7ca16c00, 0x0000027a7ca166b0,
0x0000027a7ca17150, 0x0000027a7ca176a0, 0x0000027a7c95eed0
}

Java Threads: ( => current thread )
  0x0000027a58f8de60 JavaThread "main" [_thread_in_vm, id=22420, stack(0x000000ea71700000,0x000000ea71800000)]
  0x0000027a7be9ffc0 JavaThread "Reference Handler" daemon [_thread_blocked, id=13368, stack(0x000000ea71e00000,0x000000ea71f00000)]
  0x0000027a7bea0e40 JavaThread "Finalizer" daemon [_thread_blocked, id=9688, stack(0x000000ea71f00000,0x000000ea72000000)]
  0x0000027a7beb8150 JavaThread "Signal Dispatcher" daemon [_thread_blocked, id=24480, stack(0x000000ea72000000,0x000000ea72100000)]
  0x0000027a7bebbc30 JavaThread "Attach Listener" daemon [_thread_blocked, id=12996, stack(0x000000ea72100000,0x000000ea72200000)]
  0x0000027a7bebc5f0 JavaThread "Service Thread" daemon [_thread_blocked, id=11044, stack(0x000000ea72200000,0x000000ea72300000)]
  0x0000027a7bec0fd0 JavaThread "Monitor Deflation Thread" daemon [_thread_blocked, id=24072, stack(0x000000ea72300000,0x000000ea72400000)]
  0x0000027a7bec3cd0 JavaThread "C2 CompilerThread0" daemon [_thread_in_native, id=14840, stack(0x000000ea72400000,0x000000ea72500000)]
  0x0000027a7bec46d0 JavaThread "C1 CompilerThread0" daemon [_thread_blocked, id=2676, stack(0x000000ea72500000,0x000000ea72600000)]
  0x0000027a7bec70e0 JavaThread "Sweeper thread" daemon [_thread_blocked, id=12560, stack(0x000000ea72600000,0x000000ea72700000)]
  0x0000027a7c894770 JavaThread "C1 CompilerThread1" daemon [_thread_blocked, id=10692, stack(0x000000ea72700000,0x000000ea72800000)]
  0x0000027a7c95f3e0 JavaThread "Notification Thread" daemon [_thread_blocked, id=15644, stack(0x000000ea72800000,0x000000ea72900000)]
  0x0000027a7c95f8f0 JavaThread "Common-Cleaner" daemon [_thread_blocked, id=24108, stack(0x000000ea72a00000,0x000000ea72b00000)]
  0x0000027a7cb83ff0 JavaThread "C2 CompilerThread1" daemon [_thread_in_native, id=10476, stack(0x000000ea72b00000,0x000000ea72c00000)]
  0x0000027a7ca16c00 JavaThread "C2 CompilerThread2" daemon [_thread_in_vm, id=17004, stack(0x000000ea72c00000,0x000000ea72d00000)]
=>0x0000027a7ca166b0 JavaThread "C2 CompilerThread3" daemon [_thread_in_native, id=14924, stack(0x000000ea72d00000,0x000000ea72e00000)]
  0x0000027a7ca17150 JavaThread "C1 CompilerThread2" daemon [_thread_blocked, id=14980, stack(0x000000ea72e00000,0x000000ea72f00000)]
  0x0000027a7ca176a0 JavaThread "C1 CompilerThread3" daemon [_thread_blocked, id=10236, stack(0x000000ea72f00000,0x000000ea73000000)]
  0x0000027a7c95eed0 JavaThread "background-preinit" [_thread_in_vm, id=16472, stack(0x000000ea73500000,0x000000ea73600000)]

Other Threads:
  0x0000027a7be9aa10 VMThread "VM Thread" [stack: 0x000000ea71d00000,0x000000ea71e00000] [id=11248]
  0x0000027a7c962880 WatcherThread [stack: 0x000000ea72900000,0x000000ea72a00000] [id=13432]
  0x0000027a590028b0 GCTaskThread "GC Thread#0" [stack: 0x000000ea71800000,0x000000ea71900000] [id=9880]
  0x0000027a7d7dc230 GCTaskThread "GC Thread#1" [stack: 0x000000ea73000000,0x000000ea73100000] [id=24568]
  0x0000027a7d2b8840 GCTaskThread "GC Thread#2" [stack: 0x000000ea73100000,0x000000ea73200000] [id=17920]
  0x0000027a7d2b8f10 GCTaskThread "GC Thread#3" [stack: 0x000000ea73200000,0x000000ea73300000] [id=21060]
  0x0000027a7d2b91d0 GCTaskThread "GC Thread#4" [stack: 0x000000ea73300000,0x000000ea73400000] [id=14528]
  0x0000027a7d2b9890 GCTaskThread "GC Thread#5" [stack: 0x000000ea73400000,0x000000ea73500000] [id=2220]
  0x0000027a7daf7120 GCTaskThread "GC Thread#6" [stack: 0x000000ea73600000,0x000000ea73700000] [id=22772]
  0x0000027a7e4aecf0 GCTaskThread "GC Thread#7" [stack: 0x000000ea73700000,0x000000ea73800000] [id=23056]
  0x0000027a4ea28c90 GCTaskThread "GC Thread#8" [stack: 0x000000ea73800000,0x000000ea73900000] [id=3408]
  0x0000027a509c8c90 GCTaskThread "GC Thread#9" [stack: 0x000000ea73900000,0x000000ea73a00000] [id=1896]
  0x0000027a59014210 ConcurrentGCThread "G1 Main Marker" [stack: 0x000000ea71900000,0x000000ea71a00000] [id=3612]
  0x0000027a59014c30 ConcurrentGCThread "G1 Conc#0" [stack: 0x000000ea71a00000,0x000000ea71b00000] [id=22656]
  0x0000027a7bdda520 ConcurrentGCThread "G1 Refine#0" [stack: 0x000000ea71b00000,0x000000ea71c00000] [id=21168]
  0x0000027a7bddaf50 ConcurrentGCThread "G1 Service" [stack: 0x000000ea71c00000,0x000000ea71d00000] [id=19316]

Threads with active compile tasks:
C2 CompilerThread0      620 2079   !   4       java.net.URL::<init> (543 bytes)
C1 CompilerThread0      620 2123       3       java.lang.invoke.MemberName::asSpecial (89 bytes)
C2 CompilerThread1      620 2120       4       java.lang.invoke.MethodType::makeImpl (109 bytes)
C2 CompilerThread2      620 2121       4       java.util.HashSet::add (20 bytes)
C2 CompilerThread3      620 2080       4       java.net.URLStreamHandler::setURL (73 bytes)

VM state: not at safepoint (normal execution)

VM Mutex/Monitor currently owned by a thread: None

Heap address: 0x0000000706000000, size: 4000 MB, Compressed Oops mode: Zero based, Oop shift amount: 3

CDS archive(s) mapped at: [0x0000027a00000000-0x0000027a00bb0000-0x0000027a00bb0000), size 12255232, SharedBaseAddress: 0x0000027a00000000, ArchiveRelocationMode: 1.
Compressed class space mapped at: 0x0000027a01000000-0x0000027a41000000, reserved size: 1073741824
Narrow klass base: 0x0000027a00000000, Narrow klass shift: 0, Narrow klass range: 0x100000000

GC Precious Log:
 CPUs: 16 total, 16 available
 Memory: 15999M
 Large Page Support: Disabled
 NUMA Support: Disabled
 Compressed Oops: Enabled (Zero based)
 Heap Region Size: 2M
 Heap Min Capacity: 8M
 Heap Initial Capacity: 250M
 Heap Max Capacity: 4000M
 Pre-touch: Disabled
 Parallel Workers: 13
 Concurrent Workers: 3
 Concurrent Refinement Workers: 13
 Periodic GC: Disabled

Heap:
 garbage-first heap   total 256000K, used 16854K [0x0000000706000000, 0x0000000800000000)
  region size 2048K, 8 young (16384K), 2 survivors (4096K)
 Metaspace       used 14952K, committed 15232K, reserved 1114112K
  class space    used 1882K, committed 1984K, reserved 1048576K

Heap Regions: E=young(eden), S=young(survivor), O=old, HS=humongous(starts), HC=humongous(continues), CS=collection set, F=free, OA=open archive, CA=closed archive, TAMS=top-at-mark-start (previous, next)
|   0|0x0000000706000000, 0x0000000706200000, 0x0000000706200000|100%| O|  |TAMS 0x0000000706000000, 0x0000000706000000| Untracked 
|   1|0x0000000706200000, 0x0000000706400000, 0x0000000706400000|100%| O|  |TAMS 0x0000000706200000, 0x0000000706200000| Untracked 
|   2|0x0000000706400000, 0x0000000706418e00, 0x0000000706600000|  4%| O|  |TAMS 0x0000000706400000, 0x0000000706400000| Untracked 
|   3|0x0000000706600000, 0x0000000706600000, 0x0000000706800000|  0%| F|  |TAMS 0x0000000706600000, 0x0000000706600000| Untracked 
|   4|0x0000000706800000, 0x0000000706800000, 0x0000000706a00000|  0%| F|  |TAMS 0x0000000706800000, 0x0000000706800000| Untracked 
|   5|0x0000000706a00000, 0x0000000706a00000, 0x0000000706c00000|  0%| F|  |TAMS 0x0000000706a00000, 0x0000000706a00000| Untracked 
|   6|0x0000000706c00000, 0x0000000706c00000, 0x0000000706e00000|  0%| F|  |TAMS 0x0000000706c00000, 0x0000000706c00000| Untracked 
|   7|0x0000000706e00000, 0x0000000706e00000, 0x0000000707000000|  0%| F|  |TAMS 0x0000000706e00000, 0x0000000706e00000| Untracked 
|   8|0x0000000707000000, 0x0000000707000000, 0x0000000707200000|  0%| F|  |TAMS 0x0000000707000000, 0x0000000707000000| Untracked 
|   9|0x0000000707200000, 0x0000000707200000, 0x0000000707400000|  0%| F|  |TAMS 0x0000000707200000, 0x0000000707200000| Untracked 
|  10|0x0000000707400000, 0x0000000707400000, 0x0000000707600000|  0%| F|  |TAMS 0x0000000707400000, 0x0000000707400000| Untracked 
|  11|0x0000000707600000, 0x0000000707600000, 0x0000000707800000|  0%| F|  |TAMS 0x0000000707600000, 0x0000000707600000| Untracked 
|  12|0x0000000707800000, 0x0000000707800000, 0x0000000707a00000|  0%| F|  |TAMS 0x0000000707800000, 0x0000000707800000| Untracked 
|  13|0x0000000707a00000, 0x0000000707a00000, 0x0000000707c00000|  0%| F|  |TAMS 0x0000000707a00000, 0x0000000707a00000| Untracked 
|  14|0x0000000707c00000, 0x0000000707c00000, 0x0000000707e00000|  0%| F|  |TAMS 0x0000000707c00000, 0x0000000707c00000| Untracked 
|  15|0x0000000707e00000, 0x0000000707e00000, 0x0000000708000000|  0%| F|  |TAMS 0x0000000707e00000, 0x0000000707e00000| Untracked 
|  16|0x0000000708000000, 0x0000000708000000, 0x0000000708200000|  0%| F|  |TAMS 0x0000000708000000, 0x0000000708000000| Untracked 
|  17|0x0000000708200000, 0x0000000708200000, 0x0000000708400000|  0%| F|  |TAMS 0x0000000708200000, 0x0000000708200000| Untracked 
|  18|0x0000000708400000, 0x0000000708400000, 0x0000000708600000|  0%| F|  |TAMS 0x0000000708400000, 0x0000000708400000| Untracked 
|  19|0x0000000708600000, 0x0000000708600000, 0x0000000708800000|  0%| F|  |TAMS 0x0000000708600000, 0x0000000708600000| Untracked 
|  20|0x0000000708800000, 0x0000000708800000, 0x0000000708a00000|  0%| F|  |TAMS 0x0000000708800000, 0x0000000708800000| Untracked 
|  21|0x0000000708a00000, 0x0000000708a00000, 0x0000000708c00000|  0%| F|  |TAMS 0x0000000708a00000, 0x0000000708a00000| Untracked 
|  22|0x0000000708c00000, 0x0000000708c00000, 0x0000000708e00000|  0%| F|  |TAMS 0x0000000708c00000, 0x0000000708c00000| Untracked 
|  23|0x0000000708e00000, 0x0000000708e00000, 0x0000000709000000|  0%| F|  |TAMS 0x0000000708e00000, 0x0000000708e00000| Untracked 
|  24|0x0000000709000000, 0x0000000709000000, 0x0000000709200000|  0%| F|  |TAMS 0x0000000709000000, 0x0000000709000000| Untracked 
|  25|0x0000000709200000, 0x0000000709200000, 0x0000000709400000|  0%| F|  |TAMS 0x0000000709200000, 0x0000000709200000| Untracked 
|  26|0x0000000709400000, 0x0000000709400000, 0x0000000709600000|  0%| F|  |TAMS 0x0000000709400000, 0x0000000709400000| Untracked 
|  27|0x0000000709600000, 0x0000000709600000, 0x0000000709800000|  0%| F|  |TAMS 0x0000000709600000, 0x0000000709600000| Untracked 
|  28|0x0000000709800000, 0x0000000709800000, 0x0000000709a00000|  0%| F|  |TAMS 0x0000000709800000, 0x0000000709800000| Untracked 
|  29|0x0000000709a00000, 0x0000000709a00000, 0x0000000709c00000|  0%| F|  |TAMS 0x0000000709a00000, 0x0000000709a00000| Untracked 
|  30|0x0000000709c00000, 0x0000000709c00000, 0x0000000709e00000|  0%| F|  |TAMS 0x0000000709c00000, 0x0000000709c00000| Untracked 
|  31|0x0000000709e00000, 0x0000000709e00000, 0x000000070a000000|  0%| F|  |TAMS 0x0000000709e00000, 0x0000000709e00000| Untracked 
|  32|0x000000070a000000, 0x000000070a000000, 0x000000070a200000|  0%| F|  |TAMS 0x000000070a000000, 0x000000070a000000| Untracked 
|  33|0x000000070a200000, 0x000000070a200000, 0x000000070a400000|  0%| F|  |TAMS 0x000000070a200000, 0x000000070a200000| Untracked 
|  34|0x000000070a400000, 0x000000070a400000, 0x000000070a600000|  0%| F|  |TAMS 0x000000070a400000, 0x000000070a400000| Untracked 
|  35|0x000000070a600000, 0x000000070a600000, 0x000000070a800000|  0%| F|  |TAMS 0x000000070a600000, 0x000000070a600000| Untracked 
|  36|0x000000070a800000, 0x000000070a800000, 0x000000070aa00000|  0%| F|  |TAMS 0x000000070a800000, 0x000000070a800000| Untracked 
|  37|0x000000070aa00000, 0x000000070aa00000, 0x000000070ac00000|  0%| F|  |TAMS 0x000000070aa00000, 0x000000070aa00000| Untracked 
|  38|0x000000070ac00000, 0x000000070ac00000, 0x000000070ae00000|  0%| F|  |TAMS 0x000000070ac00000, 0x000000070ac00000| Untracked 
|  39|0x000000070ae00000, 0x000000070ae00000, 0x000000070b000000|  0%| F|  |TAMS 0x000000070ae00000, 0x000000070ae00000| Untracked 
|  40|0x000000070b000000, 0x000000070b000000, 0x000000070b200000|  0%| F|  |TAMS 0x000000070b000000, 0x000000070b000000| Untracked 
|  41|0x000000070b200000, 0x000000070b200000, 0x000000070b400000|  0%| F|  |TAMS 0x000000070b200000, 0x000000070b200000| Untracked 
|  42|0x000000070b400000, 0x000000070b400000, 0x000000070b600000|  0%| F|  |TAMS 0x000000070b400000, 0x000000070b400000| Untracked 
|  43|0x000000070b600000, 0x000000070b600000, 0x000000070b800000|  0%| F|  |TAMS 0x000000070b600000, 0x000000070b600000| Untracked 
|  44|0x000000070b800000, 0x000000070b800000, 0x000000070ba00000|  0%| F|  |TAMS 0x000000070b800000, 0x000000070b800000| Untracked 
|  45|0x000000070ba00000, 0x000000070ba00000, 0x000000070bc00000|  0%| F|  |TAMS 0x000000070ba00000, 0x000000070ba00000| Untracked 
|  46|0x000000070bc00000, 0x000000070bc00000, 0x000000070be00000|  0%| F|  |TAMS 0x000000070bc00000, 0x000000070bc00000| Untracked 
|  47|0x000000070be00000, 0x000000070be00000, 0x000000070c000000|  0%| F|  |TAMS 0x000000070be00000, 0x000000070be00000| Untracked 
|  48|0x000000070c000000, 0x000000070c000000, 0x000000070c200000|  0%| F|  |TAMS 0x000000070c000000, 0x000000070c000000| Untracked 
|  49|0x000000070c200000, 0x000000070c200000, 0x000000070c400000|  0%| F|  |TAMS 0x000000070c200000, 0x000000070c200000| Untracked 
|  50|0x000000070c400000, 0x000000070c400000, 0x000000070c600000|  0%| F|  |TAMS 0x000000070c400000, 0x000000070c400000| Untracked 
|  51|0x000000070c600000, 0x000000070c600000, 0x000000070c800000|  0%| F|  |TAMS 0x000000070c600000, 0x000000070c600000| Untracked 
|  52|0x000000070c800000, 0x000000070c800000, 0x000000070ca00000|  0%| F|  |TAMS 0x000000070c800000, 0x000000070c800000| Untracked 
|  53|0x000000070ca00000, 0x000000070ca00000, 0x000000070cc00000|  0%| F|  |TAMS 0x000000070ca00000, 0x000000070ca00000| Untracked 
|  54|0x000000070cc00000, 0x000000070cc00000, 0x000000070ce00000|  0%| F|  |TAMS 0x000000070cc00000, 0x000000070cc00000| Untracked 
|  55|0x000000070ce00000, 0x000000070ce00000, 0x000000070d000000|  0%| F|  |TAMS 0x000000070ce00000, 0x000000070ce00000| Untracked 
|  56|0x000000070d000000, 0x000000070d000000, 0x000000070d200000|  0%| F|  |TAMS 0x000000070d000000, 0x000000070d000000| Untracked 
|  57|0x000000070d200000, 0x000000070d200000, 0x000000070d400000|  0%| F|  |TAMS 0x000000070d200000, 0x000000070d200000| Untracked 
|  58|0x000000070d400000, 0x000000070d400000, 0x000000070d600000|  0%| F|  |TAMS 0x000000070d400000, 0x000000070d400000| Untracked 
|  59|0x000000070d600000, 0x000000070d600000, 0x000000070d800000|  0%| F|  |TAMS 0x000000070d600000, 0x000000070d600000| Untracked 
|  60|0x000000070d800000, 0x000000070d800000, 0x000000070da00000|  0%| F|  |TAMS 0x000000070d800000, 0x000000070d800000| Untracked 
|  61|0x000000070da00000, 0x000000070da00000, 0x000000070dc00000|  0%| F|  |TAMS 0x000000070da00000, 0x000000070da00000| Untracked 
|  62|0x000000070dc00000, 0x000000070dc00000, 0x000000070de00000|  0%| F|  |TAMS 0x000000070dc00000, 0x000000070dc00000| Untracked 
|  63|0x000000070de00000, 0x000000070de00000, 0x000000070e000000|  0%| F|  |TAMS 0x000000070de00000, 0x000000070de00000| Untracked 
|  64|0x000000070e000000, 0x000000070e000000, 0x000000070e200000|  0%| F|  |TAMS 0x000000070e000000, 0x000000070e000000| Untracked 
|  65|0x000000070e200000, 0x000000070e200000, 0x000000070e400000|  0%| F|  |TAMS 0x000000070e200000, 0x000000070e200000| Untracked 
|  66|0x000000070e400000, 0x000000070e400000, 0x000000070e600000|  0%| F|  |TAMS 0x000000070e400000, 0x000000070e400000| Untracked 
|  67|0x000000070e600000, 0x000000070e600000, 0x000000070e800000|  0%| F|  |TAMS 0x000000070e600000, 0x000000070e600000| Untracked 
|  68|0x000000070e800000, 0x000000070e800000, 0x000000070ea00000|  0%| F|  |TAMS 0x000000070e800000, 0x000000070e800000| Untracked 
|  69|0x000000070ea00000, 0x000000070ea00000, 0x000000070ec00000|  0%| F|  |TAMS 0x000000070ea00000, 0x000000070ea00000| Untracked 
|  70|0x000000070ec00000, 0x000000070ec00000, 0x000000070ee00000|  0%| F|  |TAMS 0x000000070ec00000, 0x000000070ec00000| Untracked 
|  71|0x000000070ee00000, 0x000000070ee00000, 0x000000070f000000|  0%| F|  |TAMS 0x000000070ee00000, 0x000000070ee00000| Untracked 
|  72|0x000000070f000000, 0x000000070f000000, 0x000000070f200000|  0%| F|  |TAMS 0x000000070f000000, 0x000000070f000000| Untracked 
|  73|0x000000070f200000, 0x000000070f200000, 0x000000070f400000|  0%| F|  |TAMS 0x000000070f200000, 0x000000070f200000| Untracked 
|  74|0x000000070f400000, 0x000000070f400000, 0x000000070f600000|  0%| F|  |TAMS 0x000000070f400000, 0x000000070f400000| Untracked 
|  75|0x000000070f600000, 0x000000070f600000, 0x000000070f800000|  0%| F|  |TAMS 0x000000070f600000, 0x000000070f600000| Untracked 
|  76|0x000000070f800000, 0x000000070f800000, 0x000000070fa00000|  0%| F|  |TAMS 0x000000070f800000, 0x000000070f800000| Untracked 
|  77|0x000000070fa00000, 0x000000070fa00000, 0x000000070fc00000|  0%| F|  |TAMS 0x000000070fa00000, 0x000000070fa00000| Untracked 
|  78|0x000000070fc00000, 0x000000070fc00000, 0x000000070fe00000|  0%| F|  |TAMS 0x000000070fc00000, 0x000000070fc00000| Untracked 
|  79|0x000000070fe00000, 0x000000070fe00000, 0x0000000710000000|  0%| F|  |TAMS 0x000000070fe00000, 0x000000070fe00000| Untracked 
|  80|0x0000000710000000, 0x0000000710000000, 0x0000000710200000|  0%| F|  |TAMS 0x0000000710000000, 0x0000000710000000| Untracked 
|  81|0x0000000710200000, 0x0000000710200000, 0x0000000710400000|  0%| F|  |TAMS 0x0000000710200000, 0x0000000710200000| Untracked 
|  82|0x0000000710400000, 0x0000000710400000, 0x0000000710600000|  0%| F|  |TAMS 0x0000000710400000, 0x0000000710400000| Untracked 
|  83|0x0000000710600000, 0x0000000710600000, 0x0000000710800000|  0%| F|  |TAMS 0x0000000710600000, 0x0000000710600000| Untracked 
|  84|0x0000000710800000, 0x0000000710800000, 0x0000000710a00000|  0%| F|  |TAMS 0x0000000710800000, 0x0000000710800000| Untracked 
|  85|0x0000000710a00000, 0x0000000710a00000, 0x0000000710c00000|  0%| F|  |TAMS 0x0000000710a00000, 0x0000000710a00000| Untracked 
|  86|0x0000000710c00000, 0x0000000710c00000, 0x0000000710e00000|  0%| F|  |TAMS 0x0000000710c00000, 0x0000000710c00000| Untracked 
|  87|0x0000000710e00000, 0x0000000710e00000, 0x0000000711000000|  0%| F|  |TAMS 0x0000000710e00000, 0x0000000710e00000| Untracked 
|  88|0x0000000711000000, 0x0000000711000000, 0x0000000711200000|  0%| F|  |TAMS 0x0000000711000000, 0x0000000711000000| Untracked 
|  89|0x0000000711200000, 0x0000000711200000, 0x0000000711400000|  0%| F|  |TAMS 0x0000000711200000, 0x0000000711200000| Untracked 
|  90|0x0000000711400000, 0x0000000711400000, 0x0000000711600000|  0%| F|  |TAMS 0x0000000711400000, 0x0000000711400000| Untracked 
|  91|0x0000000711600000, 0x0000000711600000, 0x0000000711800000|  0%| F|  |TAMS 0x0000000711600000, 0x0000000711600000| Untracked 
|  92|0x0000000711800000, 0x0000000711800000, 0x0000000711a00000|  0%| F|  |TAMS 0x0000000711800000, 0x0000000711800000| Untracked 
|  93|0x0000000711a00000, 0x0000000711a00000, 0x0000000711c00000|  0%| F|  |TAMS 0x0000000711a00000, 0x0000000711a00000| Untracked 
|  94|0x0000000711c00000, 0x0000000711c00000, 0x0000000711e00000|  0%| F|  |TAMS 0x0000000711c00000, 0x0000000711c00000| Untracked 
|  95|0x0000000711e00000, 0x0000000711e00000, 0x0000000712000000|  0%| F|  |TAMS 0x0000000711e00000, 0x0000000711e00000| Untracked 
|  96|0x0000000712000000, 0x0000000712000000, 0x0000000712200000|  0%| F|  |TAMS 0x0000000712000000, 0x0000000712000000| Untracked 
|  97|0x0000000712200000, 0x0000000712200000, 0x0000000712400000|  0%| F|  |TAMS 0x0000000712200000, 0x0000000712200000| Untracked 
|  98|0x0000000712400000, 0x0000000712400000, 0x0000000712600000|  0%| F|  |TAMS 0x0000000712400000, 0x0000000712400000| Untracked 
|  99|0x0000000712600000, 0x0000000712600000, 0x0000000712800000|  0%| F|  |TAMS 0x0000000712600000, 0x0000000712600000| Untracked 
| 100|0x0000000712800000, 0x0000000712800000, 0x0000000712a00000|  0%| F|  |TAMS 0x0000000712800000, 0x0000000712800000| Untracked 
| 101|0x0000000712a00000, 0x0000000712a00000, 0x0000000712c00000|  0%| F|  |TAMS 0x0000000712a00000, 0x0000000712a00000| Untracked 
| 102|0x0000000712c00000, 0x0000000712c00000, 0x0000000712e00000|  0%| F|  |TAMS 0x0000000712c00000, 0x0000000712c00000| Untracked 
| 103|0x0000000712e00000, 0x0000000712e00000, 0x0000000713000000|  0%| F|  |TAMS 0x0000000712e00000, 0x0000000712e00000| Untracked 
| 104|0x0000000713000000, 0x0000000713000000, 0x0000000713200000|  0%| F|  |TAMS 0x0000000713000000, 0x0000000713000000| Untracked 
| 105|0x0000000713200000, 0x0000000713200000, 0x0000000713400000|  0%| F|  |TAMS 0x0000000713200000, 0x0000000713200000| Untracked 
| 106|0x0000000713400000, 0x000000071345cb80, 0x0000000713600000| 18%| S|CS|TAMS 0x0000000713400000, 0x0000000713400000| Complete 
| 107|0x0000000713600000, 0x0000000713800000, 0x0000000713800000|100%| S|CS|TAMS 0x0000000713600000, 0x0000000713600000| Complete 
| 108|0x0000000713800000, 0x0000000713800000, 0x0000000713a00000|  0%| F|  |TAMS 0x0000000713800000, 0x0000000713800000| Untracked 
| 109|0x0000000713a00000, 0x0000000713a00000, 0x0000000713c00000|  0%| F|  |TAMS 0x0000000713a00000, 0x0000000713a00000| Untracked 
| 110|0x0000000713c00000, 0x0000000713c00000, 0x0000000713e00000|  0%| F|  |TAMS 0x0000000713c00000, 0x0000000713c00000| Untracked 
| 111|0x0000000713e00000, 0x0000000713e00000, 0x0000000714000000|  0%| F|  |TAMS 0x0000000713e00000, 0x0000000713e00000| Untracked 
| 112|0x0000000714000000, 0x0000000714000000, 0x0000000714200000|  0%| F|  |TAMS 0x0000000714000000, 0x0000000714000000| Untracked 
| 113|0x0000000714200000, 0x0000000714200000, 0x0000000714400000|  0%| F|  |TAMS 0x0000000714200000, 0x0000000714200000| Untracked 
| 114|0x0000000714400000, 0x0000000714400000, 0x0000000714600000|  0%| F|  |TAMS 0x0000000714400000, 0x0000000714400000| Untracked 
| 115|0x0000000714600000, 0x0000000714600000, 0x0000000714800000|  0%| F|  |TAMS 0x0000000714600000, 0x0000000714600000| Untracked 
| 116|0x0000000714800000, 0x0000000714800000, 0x0000000714a00000|  0%| F|  |TAMS 0x0000000714800000, 0x0000000714800000| Untracked 
| 117|0x0000000714a00000, 0x0000000714a00000, 0x0000000714c00000|  0%| F|  |TAMS 0x0000000714a00000, 0x0000000714a00000| Untracked 
| 118|0x0000000714c00000, 0x0000000714c00000, 0x0000000714e00000|  0%| F|  |TAMS 0x0000000714c00000, 0x0000000714c00000| Untracked 
| 119|0x0000000714e00000, 0x0000000714ffdc20, 0x0000000715000000| 99%| E|  |TAMS 0x0000000714e00000, 0x0000000714e00000| Complete 
| 120|0x0000000715000000, 0x0000000715200000, 0x0000000715200000|100%| E|CS|TAMS 0x0000000715000000, 0x0000000715000000| Complete 
| 121|0x0000000715200000, 0x0000000715400000, 0x0000000715400000|100%| E|CS|TAMS 0x0000000715200000, 0x0000000715200000| Complete 
| 122|0x0000000715400000, 0x0000000715600000, 0x0000000715600000|100%| E|CS|TAMS 0x0000000715400000, 0x0000000715400000| Complete 
| 123|0x0000000715600000, 0x0000000715800000, 0x0000000715800000|100%| E|CS|TAMS 0x0000000715600000, 0x0000000715600000| Complete 
| 124|0x0000000715800000, 0x0000000715a00000, 0x0000000715a00000|100%| E|CS|TAMS 0x0000000715800000, 0x0000000715800000| Complete 

Card table byte_map: [0x0000027a70b00000,0x0000027a712d0000] _byte_map_base: 0x0000027a6d2d0000

Marking Bits (Prev, Next): (CMBitMap*) 0x0000027a59002ed0, (CMBitMap*) 0x0000027a59002f10
 Prev Bits: [0x0000027a71aa0000, 0x0000027a75920000)
 Next Bits: [0x0000027a75920000, 0x0000027a797a0000)

Polling page: 0x0000027a585a0000

Metaspace:

Usage:
  Non-class:     12.84 MB used.
      Class:      1.85 MB used.
       Both:     14.69 MB used.

Virtual space:
  Non-class space:       64.00 MB reserved,      12.94 MB ( 20%) committed,  1 nodes.
      Class space:        1.00 GB reserved,       1.94 MB ( <1%) committed,  1 nodes.
             Both:        1.06 GB reserved,      14.88 MB (  1%) committed. 

Chunk freelists:
   Non-Class:  2.76 MB
       Class:  13.94 MB
        Both:  16.70 MB

MaxMetaspaceSize: unlimited
CompressedClassSpaceSize: 1.00 GB
Initial GC threshold: 21.00 MB
Current GC threshold: 21.00 MB
CDS: on
MetaspaceReclaimPolicy: balanced
 - commit_granule_bytes: 65536.
 - commit_granule_words: 8192.
 - virtual_space_node_default_size: 8388608.
 - enlarge_chunks_in_place: 1.
 - new_chunks_are_fully_committed: 0.
 - uncommit_free_chunks: 1.
 - use_allocation_guard: 0.
 - handle_deallocations: 1.


Internal statistics:

num_allocs_failed_limit: 0.
num_arena_births: 252.
num_arena_deaths: 0.
num_vsnodes_births: 2.
num_vsnodes_deaths: 0.
num_space_committed: 239.
num_space_uncommitted: 0.
num_chunks_returned_to_freelist: 0.
num_chunks_taken_from_freelist: 759.
num_chunk_merges: 0.
num_chunk_splits: 515.
num_chunks_enlarged: 390.
num_inconsistent_stats: 0.

CodeHeap 'non-profiled nmethods': size=119168Kb used=772Kb max_used=772Kb free=118396Kb
 bounds [0x0000027a68650000, 0x0000027a688c0000, 0x0000027a6fab0000]
CodeHeap 'profiled nmethods': size=119104Kb used=4123Kb max_used=4123Kb free=114980Kb
 bounds [0x0000027a60ab0000, 0x0000027a60ec0000, 0x0000027a67f00000]
CodeHeap 'non-nmethods': size=7488Kb used=2888Kb max_used=2939Kb free=4600Kb
 bounds [0x0000027a67f00000, 0x0000027a681f0000, 0x0000027a68650000]
 total_blobs=2622 nmethods=2126 adapters=405
 compilation: enabled
              stopped_count=0, restarted_count=0
 full_count=0

Compilation events (20 events):
Event: 0.584 Thread 0x0000027a7bec46d0 nmethod 2071 0x0000027a60e90390 code [0x0000027a60e90540, 0x0000027a60e908e8]
Event: 0.584 Thread 0x0000027a7bec46d0 2074       3       jdk.internal.loader.AbstractClassLoaderValue$Sub::<init> (15 bytes)
Event: 0.585 Thread 0x0000027a7ca17150 nmethod 2069 0x0000027a60e90a10 code [0x0000027a60e90c00, 0x0000027a60e91318]
Event: 0.585 Thread 0x0000027a7c894770 nmethod 2072 0x0000027a60e91510 code [0x0000027a60e916a0, 0x0000027a60e917f8]
Event: 0.585 Thread 0x0000027a7ca176a0 nmethod 2073 0x0000027a60e91890 code [0x0000027a60e91a40, 0x0000027a60e91d98]
Event: 0.585 Thread 0x0000027a7bec46d0 nmethod 2074 0x0000027a60e91f10 code [0x0000027a60e920c0, 0x0000027a60e92358]
Event: 0.586 Thread 0x0000027a7ca17150 2075       3       java.lang.Class::getGenericInfo (52 bytes)
Event: 0.586 Thread 0x0000027a7ca176a0 2076       3       java.lang.Short::<init> (10 bytes)
Event: 0.586 Thread 0x0000027a7ca17150 nmethod 2075 0x0000027a60e92410 code [0x0000027a60e926a0, 0x0000027a60e93488]
Event: 0.586 Thread 0x0000027a7ca176a0 nmethod 2076 0x0000027a60e93990 code [0x0000027a60e93b40, 0x0000027a60e93d18]
Event: 0.588 Thread 0x0000027a7bec46d0 2077       1       java.security.PermissionCollection::isReadOnly (5 bytes)
Event: 0.588 Thread 0x0000027a7bec46d0 nmethod 2077 0x0000027a68702990 code [0x0000027a68702b20, 0x0000027a68702bf8]
Event: 0.592 Thread 0x0000027a7bec3cd0 2078       4       sun.net.util.IPAddressUtil::checkHostString (53 bytes)
Event: 0.593 Thread 0x0000027a7bec3cd0 nmethod 2078 0x0000027a68702c90 code [0x0000027a68702e00, 0x0000027a68702e98]
Event: 0.594 Thread 0x0000027a7bec3cd0 2079   !   4       java.net.URL::<init> (543 bytes)
Event: 0.594 Thread 0x0000027a7ca166b0 2080       4       java.net.URLStreamHandler::setURL (73 bytes)
Event: 0.594 Thread 0x0000027a7cb83ff0 2081   !   4       java.net.URL::set (114 bytes)
Event: 0.601 Thread 0x0000027a7cb83ff0 nmethod 2081 0x0000027a68703010 code [0x0000027a68703180, 0x0000027a68703a98]
Event: 0.602 Thread 0x0000027a7cb83ff0 2082       4       java.util.WeakHashMap::hash (28 bytes)
Event: 0.602 Thread 0x0000027a7cb83ff0 nmethod 2082 0x0000027a68703b90 code [0x0000027a68703d20, 0x0000027a68703e38]

GC Heap History (4 events):
Event: 0.330 GC heap before
{Heap before GC invocations=0 (full 0):
 garbage-first heap   total 256000K, used 22528K [0x0000000706000000, 0x0000000800000000)
  region size 2048K, 11 young (22528K), 0 survivors (0K)
 Metaspace       used 6367K, committed 6656K, reserved 1114112K
  class space    used 758K, committed 896K, reserved 1048576K
}
Event: 0.332 GC heap after
{Heap after GC invocations=1 (full 0):
 garbage-first heap   total 256000K, used 4269K [0x0000000706000000, 0x0000000800000000)
  region size 2048K, 2 young (4096K), 2 survivors (4096K)
 Metaspace       used 6367K, committed 6656K, reserved 1114112K
  class space    used 758K, committed 896K, reserved 1048576K
}
Event: 0.563 GC heap before
{Heap before GC invocations=1 (full 0):
 garbage-first heap   total 256000K, used 34989K [0x0000000706000000, 0x0000000800000000)
  region size 2048K, 17 young (34816K), 2 survivors (4096K)
 Metaspace       used 13418K, committed 13696K, reserved 1114112K
  class space    used 1645K, committed 1792K, reserved 1048576K
}
Event: 0.566 GC heap after
{Heap after GC invocations=2 (full 0):
 garbage-first heap   total 256000K, used 6614K [0x0000000706000000, 0x0000000800000000)
  region size 2048K, 2 young (4096K), 2 survivors (4096K)
 Metaspace       used 13418K, committed 13696K, reserved 1114112K
  class space    used 1645K, committed 1792K, reserved 1048576K
}

Dll operation events (6 events):
Event: 0.004 Loaded shared library C:\Users\Алексей\AppData\Local\Programs\Microsoft\jdk-17.0.14.7-hotspot\bin\java.dll
Event: 0.015 Loaded shared library C:\Users\Алексей\AppData\Local\Programs\Microsoft\jdk-17.0.14.7-hotspot\bin\jsvml.dll
Event: 0.040 Loaded shared library C:\Users\Алексей\AppData\Local\Programs\Microsoft\jdk-17.0.14.7-hotspot\bin\net.dll
Event: 0.041 Loaded shared library C:\Users\Алексей\AppData\Local\Programs\Microsoft\jdk-17.0.14.7-hotspot\bin\nio.dll
Event: 0.042 Loaded shared library C:\Users\Алексей\AppData\Local\Programs\Microsoft\jdk-17.0.14.7-hotspot\bin\zip.dll
Event: 0.086 Loaded shared library C:\Users\Алексей\AppData\Local\Programs\Microsoft\jdk-17.0.14.7-hotspot\bin\jimage.dll

Deoptimization events (20 events):
Event: 0.509 Thread 0x0000027a7c95eed0 Uncommon trap: trap_request=0xffffff45 fr.pc=0x0000027a686c2a44 relative=0x00000000000010a4
Event: 0.509 Thread 0x0000027a7c95eed0 Uncommon trap: reason=unstable_if action=reinterpret pc=0x0000027a686c2a44 method=java.util.concurrent.ConcurrentHashMap.addCount(JI)V @ 171 c2
Event: 0.509 Thread 0x0000027a7c95eed0 DEOPT PACKING pc=0x0000027a686c2a44 sp=0x000000ea735fb170
Event: 0.509 Thread 0x0000027a7c95eed0 DEOPT UNPACKING pc=0x0000027a67f569a3 sp=0x000000ea735fb030 mode 2
Event: 0.509 Thread 0x0000027a58f8de60 Uncommon trap: trap_request=0xffffff45 fr.pc=0x0000027a686c2a44 relative=0x00000000000010a4
Event: 0.509 Thread 0x0000027a58f8de60 Uncommon trap: reason=unstable_if action=reinterpret pc=0x0000027a686c2a44 method=java.util.concurrent.ConcurrentHashMap.addCount(JI)V @ 171 c2
Event: 0.509 Thread 0x0000027a58f8de60 DEOPT PACKING pc=0x0000027a686c2a44 sp=0x000000ea717facf0
Event: 0.509 Thread 0x0000027a58f8de60 DEOPT UNPACKING pc=0x0000027a67f569a3 sp=0x000000ea717fabb0 mode 2
Event: 0.529 Thread 0x0000027a58f8de60 Uncommon trap: trap_request=0xffffff45 fr.pc=0x0000027a686e8a78 relative=0x00000000000004d8
Event: 0.529 Thread 0x0000027a58f8de60 Uncommon trap: reason=unstable_if action=reinterpret pc=0x0000027a686e8a78 method=org.springframework.util.ConcurrentReferenceHashMap$Segment.restructureIfNecessary(Z)V @ 21 c2
Event: 0.529 Thread 0x0000027a58f8de60 DEOPT PACKING pc=0x0000027a686e8a78 sp=0x000000ea717fe050
Event: 0.529 Thread 0x0000027a58f8de60 DEOPT UNPACKING pc=0x0000027a67f569a3 sp=0x000000ea717fe000 mode 2
Event: 0.535 Thread 0x0000027a58f8de60 Uncommon trap: trap_request=0xffffff45 fr.pc=0x0000027a686b487c relative=0x00000000000002dc
Event: 0.535 Thread 0x0000027a58f8de60 Uncommon trap: reason=unstable_if action=reinterpret pc=0x0000027a686b487c method=jdk.internal.org.objectweb.asm.SymbolTable.put(Ljdk/internal/org/objectweb/asm/SymbolTable$Entry;)Ljdk/internal/org/objectweb/asm/SymbolTable$Entry; @ 13 c2
Event: 0.535 Thread 0x0000027a58f8de60 DEOPT PACKING pc=0x0000027a686b487c sp=0x000000ea717fd7e0
Event: 0.535 Thread 0x0000027a58f8de60 DEOPT UNPACKING pc=0x0000027a67f569a3 sp=0x000000ea717fd760 mode 2
Event: 0.559 Thread 0x0000027a58f8de60 Uncommon trap: trap_request=0xffffff45 fr.pc=0x0000027a686e6b80 relative=0x00000000000001c0
Event: 0.559 Thread 0x0000027a58f8de60 Uncommon trap: reason=unstable_if action=reinterpret pc=0x0000027a686e6b80 method=java.util.concurrent.ConcurrentHashMap.addCount(JI)V @ 171 c2
Event: 0.559 Thread 0x0000027a58f8de60 DEOPT PACKING pc=0x0000027a686e6b80 sp=0x000000ea717fae90
Event: 0.559 Thread 0x0000027a58f8de60 DEOPT UNPACKING pc=0x0000027a67f569a3 sp=0x000000ea717fadd0 mode 2

Classes loaded (20 events):
Event: 0.532 Loading class jdk/internal/reflect/BootstrapConstructorAccessorImpl
Event: 0.532 Loading class jdk/internal/reflect/BootstrapConstructorAccessorImpl done
Event: 0.533 Loading class java/lang/annotation/Repeatable
Event: 0.533 Loading class java/lang/annotation/Repeatable done
Event: 0.586 Loading class java/lang/Byte$ByteCache
Event: 0.586 Loading class java/lang/Byte$ByteCache done
Event: 0.586 Loading class java/lang/Short$ShortCache
Event: 0.586 Loading class java/lang/Short$ShortCache done
Event: 0.600 Loading class java/util/concurrent/ExecutionException
Event: 0.600 Loading class java/util/concurrent/ExecutionException done
Event: 0.601 Loading class java/lang/reflect/MalformedParametersException
Event: 0.601 Loading class java/lang/reflect/MalformedParametersException done
Event: 0.602 Loading class java/beans/IntrospectionException
Event: 0.602 Loading class java/beans/IntrospectionException done
Event: 0.602 Loading class java/beans/PropertyDescriptor
Event: 0.603 Loading class java/beans/PropertyDescriptor done
Event: 0.603 Loading class java/beans/BeanInfo
Event: 0.603 Loading class java/beans/BeanInfo done
Event: 0.604 Loading class java/util/regex/Pattern$Pos
Event: 0.604 Loading class java/util/regex/Pattern$Pos done

Classes unloaded (0 events):
No events

Classes redefined (0 events):
No events

Internal exceptions (20 events):
Event: 0.337 Thread 0x0000027a58f8de60 Exception <a 'java/lang/NoSuchMethodError'{0x0000000715854ee8}: 'java.lang.Object java.lang.invoke.DirectMethodHandle$Holder.newInvokeSpecial(java.lang.Object, java.lang.Object, java.lang.Object, java.lang.Object, java.lang.Object, java.lang.Object, int)'> (0x0000000715854ee8) 
thrown [s\src\hotspot\share\interpreter\linkResolver.cpp, line 759]
Event: 0.338 Thread 0x0000027a58f8de60 Exception <a 'java/lang/NoSuchMethodError'{0x0000000715859f28}: 'java.lang.Object java.lang.invoke.DirectMethodHandle$Holder.invokeSpecial(java.lang.Object, java.lang.Object, java.lang.Object, java.lang.Object, java.lang.Object, java.lang.Object, java.lang.Object, int)'> (0x0000000715859f28) 
thrown [s\src\hotspot\share\interpreter\linkResolver.cpp, line 759]
Event: 0.356 Thread 0x0000027a58f8de60 Exception <a 'java/lang/NoSuchMethodError'{0x000000071562fe00}: 'int java.lang.invoke.DirectMethodHandle$Holder.invokeInterface(java.lang.Object, java.lang.Object)'> (0x000000071562fe00) 
thrown [s\src\hotspot\share\interpreter\linkResolver.cpp, line 759]
Event: 0.359 Thread 0x0000027a58f8de60 Exception <a 'java/lang/NoSuchMethodError'{0x0000000715657d40}: 'void java.lang.invoke.DirectMethodHandle$Holder.invokeSpecial(java.lang.Object, java.lang.Object, java.lang.Object, java.lang.Object, java.lang.Object)'> (0x0000000715657d40) 
thrown [s\src\hotspot\share\interpreter\linkResolver.cpp, line 759]
Event: 0.373 Thread 0x0000027a58f8de60 Exception <a 'java/lang/NoSuchMethodError'{0x00000007157d5cb8}: 'java.lang.Object java.lang.invoke.DirectMethodHandle$Holder.invokeSpecial(java.lang.Object, java.lang.Object, java.lang.Object, int, java.lang.Object)'> (0x00000007157d5cb8) 
thrown [s\src\hotspot\share\interpreter\linkResolver.cpp, line 759]
Event: 0.373 Thread 0x0000027a58f8de60 Exception <a 'java/lang/NoSuchMethodError'{0x00000007157de318}: 'java.lang.Object java.lang.invoke.DirectMethodHandle$Holder.newInvokeSpecial(java.lang.Object, java.lang.Object, java.lang.Object, int, java.lang.Object)'> (0x00000007157de318) 
thrown [s\src\hotspot\share\interpreter\linkResolver.cpp, line 759]
Event: 0.373 Thread 0x0000027a58f8de60 Exception <a 'java/lang/NoSuchMethodError'{0x00000007157e5ce8}: 'java.lang.Object java.lang.invoke.Invokers$Holder.linkToTargetMethod(java.lang.Object, java.lang.Object, int, java.lang.Object, java.lang.Object)'> (0x00000007157e5ce8) 
thrown [s\src\hotspot\share\interpreter\linkResolver.cpp, line 759]
Event: 0.374 Thread 0x0000027a58f8de60 Exception <a 'java/lang/NoSuchMethodError'{0x00000007157f4cc8}: 'java.lang.Object java.lang.invoke.DirectMethodHandle$Holder.newInvokeSpecial(java.lang.Object, int, java.lang.Object)'> (0x00000007157f4cc8) 
thrown [s\src\hotspot\share\interpreter\linkResolver.cpp, line 759]
Event: 0.374 Thread 0x0000027a58f8de60 Exception <a 'java/lang/NoSuchMethodError'{0x00000007157f9a30}: 'int java.lang.invoke.DirectMethodHandle$Holder.invokeSpecialIFC(java.lang.Object, java.lang.Object, java.lang.Object, java.lang.Object)'> (0x00000007157f9a30) 
thrown [s\src\hotspot\share\interpreter\linkResolver.cpp, line 759]
Event: 0.385 Thread 0x0000027a58f8de60 Exception <a 'java/lang/NoSuchMethodError'{0x00000007154e5938}: 'void java.lang.invoke.DirectMethodHandle$Holder.invokeInterface(java.lang.Object, java.lang.Object, java.lang.Object)'> (0x00000007154e5938) 
thrown [s\src\hotspot\share\interpreter\linkResolver.cpp, line 759]
Event: 0.395 Thread 0x0000027a58f8de60 Exception <a 'java/lang/NoSuchMethodError'{0x000000071556a158}: 'void java.lang.invoke.DirectMethodHandle$Holder.invokeStaticInit(java.lang.Object, java.lang.Object, java.lang.Object)'> (0x000000071556a158) 
thrown [s\src\hotspot\share\interpreter\linkResolver.cpp, line 759]
Event: 0.397 Thread 0x0000027a58f8de60 Exception <a 'java/lang/NoSuchMethodError'{0x000000071558b2a8}: 'java.lang.Object java.lang.invoke.DirectMethodHandle$Holder.invokeVirtual(java.lang.Object, java.lang.Object, java.lang.Object)'> (0x000000071558b2a8) 
thrown [s\src\hotspot\share\interpreter\linkResolver.cpp, line 759]
Event: 0.409 Thread 0x0000027a58f8de60 Exception <a 'java/lang/NoSuchMethodError'{0x000000071521f248}: 'void java.lang.invoke.DirectMethodHandle$Holder.invokeVirtual(java.lang.Object, java.lang.Object, java.lang.Object, java.lang.Object)'> (0x000000071521f248) 
thrown [s\src\hotspot\share\interpreter\linkResolver.cpp, line 759]
Event: 0.416 Thread 0x0000027a58f8de60 Exception <a 'java/lang/NoSuchMethodError'{0x00000007152d10e0}: 'java.lang.Object java.lang.invoke.DirectMethodHandle$Holder.invokeSpecial(java.lang.Object, java.lang.Object, long, java.lang.Object, java.lang.Object, java.lang.Object, java.lang.Object, java.lang.Object, java.lang.Object)'> (0x00000007152d10e0) 
thrown [s\src\hotspot\share\interpreter\linkResolver.cpp, line 759]
Event: 0.416 Thread 0x0000027a58f8de60 Exception <a 'java/lang/NoSuchMethodError'{0x00000007152d5960}: 'java.lang.Object java.lang.invoke.DelegatingMethodHandle$Holder.reinvoke_L(java.lang.Object, long, java.lang.Object, java.lang.Object, java.lang.Object, java.lang.Object, java.lang.Object, java.lang.Object)'> (0x00000007152d5960) 
thrown [s\src\hotspot\share\interpreter\linkResolver.cpp, line 759]
Event: 0.441 Thread 0x0000027a58f8de60 Exception <a 'java/lang/NoSuchMethodError'{0x00000007150a2b38}: 'void java.lang.invoke.DirectMethodHandle$Holder.invokeSpecial(java.lang.Object, java.lang.Object, java.lang.Object)'> (0x00000007150a2b38) 
thrown [s\src\hotspot\share\interpreter\linkResolver.cpp, line 759]
Event: 0.444 Thread 0x0000027a7c95eed0 Exception <a 'java/lang/NoClassDefFoundError'{0x000000071513dd18}: jakarta/validation/Validation> (0x000000071513dd18) 
thrown [s\src\hotspot\share\classfile\systemDictionary.cpp, line 245]
Event: 0.447 Thread 0x0000027a58f8de60 Exception <a 'java/lang/NoSuchMethodError'{0x00000007150ee300}: 'java.lang.Object java.lang.invoke.DirectMethodHandle$Holder.invokeStatic(java.lang.Object, java.lang.Object, int)'> (0x00000007150ee300) 
thrown [s\src\hotspot\share\interpreter\linkResolver.cpp, line 759]
Event: 0.447 Thread 0x0000027a58f8de60 Exception <a 'java/lang/NoSuchMethodError'{0x00000007150f9af0}: 'void java.lang.invoke.DelegatingMethodHandle$Holder.delegate(java.lang.Object, java.lang.Object, int, java.lang.Object)'> (0x00000007150f9af0) 
thrown [s\src\hotspot\share\interpreter\linkResolver.cpp, line 759]
Event: 0.453 Thread 0x0000027a58f8de60 Exception <a 'java/lang/IncompatibleClassChangeError'{0x0000000714e8a558}: Found class java.lang.Object, but interface was expected> (0x0000000714e8a558) 
thrown [s\src\hotspot\share\interpreter\linkResolver.cpp, line 826]

VM Operations (20 events):
Event: 0.150 Executing VM operation: HandshakeAllThreads
Event: 0.150 Executing VM operation: HandshakeAllThreads done
Event: 0.258 Executing VM operation: HandshakeAllThreads
Event: 0.258 Executing VM operation: HandshakeAllThreads done
Event: 0.330 Executing VM operation: G1CollectForAllocation
Event: 0.332 Executing VM operation: G1CollectForAllocation done
Event: 0.363 Executing VM operation: HandshakeAllThreads
Event: 0.363 Executing VM operation: HandshakeAllThreads done
Event: 0.440 Executing VM operation: HandshakeAllThreads
Event: 0.440 Executing VM operation: HandshakeAllThreads done
Event: 0.444 Executing VM operation: ICBufferFull
Event: 0.444 Executing VM operation: ICBufferFull done
Event: 0.446 Executing VM operation: HandshakeAllThreads
Event: 0.446 Executing VM operation: HandshakeAllThreads done
Event: 0.563 Executing VM operation: G1CollectForAllocation
Event: 0.563 Executing VM operation: G1CollectForAllocation done
Event: 0.563 Executing VM operation: G1CollectForAllocation
Event: 0.566 Executing VM operation: G1CollectForAllocation done
Event: 0.585 Executing VM operation: HandshakeAllThreads
Event: 0.585 Executing VM operation: HandshakeAllThreads done

Memory protections (0 events):
No events

Nmethod flushes (0 events):
No events

Events (19 events):
Event: 0.015 Thread 0x0000027a58f8de60 Thread added: 0x0000027a58f8de60
Event: 0.016 Thread 0x0000027a58f8de60 Thread added: 0x0000027a7be9ffc0
Event: 0.016 Thread 0x0000027a58f8de60 Thread added: 0x0000027a7bea0e40
Event: 0.021 Thread 0x0000027a58f8de60 Thread added: 0x0000027a7beb8150
Event: 0.021 Thread 0x0000027a58f8de60 Thread added: 0x0000027a7bebbc30
Event: 0.021 Thread 0x0000027a58f8de60 Thread added: 0x0000027a7bebc5f0
Event: 0.021 Thread 0x0000027a58f8de60 Thread added: 0x0000027a7bec0fd0
Event: 0.021 Thread 0x0000027a58f8de60 Thread added: 0x0000027a7bec3cd0
Event: 0.021 Thread 0x0000027a58f8de60 Thread added: 0x0000027a7bec46d0
Event: 0.022 Thread 0x0000027a58f8de60 Thread added: 0x0000027a7bec70e0
Event: 0.024 Thread 0x0000027a7bec46d0 Thread added: 0x0000027a7c894770
Event: 0.036 Thread 0x0000027a58f8de60 Thread added: 0x0000027a7c95f3e0
Event: 0.037 Thread 0x0000027a58f8de60 Thread added: 0x0000027a7c95f8f0
Event: 0.057 Thread 0x0000027a7c894770 Thread added: 0x0000027a7cb83ff0
Event: 0.058 Thread 0x0000027a7bec3cd0 Thread added: 0x0000027a7ca16c00
Event: 0.061 Thread 0x0000027a7cb83ff0 Thread added: 0x0000027a7ca166b0
Event: 0.121 Thread 0x0000027a7c894770 Thread added: 0x0000027a7ca17150
Event: 0.121 Thread 0x0000027a7c894770 Thread added: 0x0000027a7ca176a0
Event: 0.443 Thread 0x0000027a58f8de60 Thread added: 0x0000027a7c95eed0


Dynamic libraries:
0x00007ff69b720000 - 0x00007ff69b72e000 	C:\Users\Алексей\AppData\Local\Programs\Microsoft\jdk-17.0.14.7-hotspot\bin\java.exe
0x00007ffd646b0000 - 0x00007ffd648a8000 	C:\Windows\SYSTEM32\ntdll.dll
0x00007ffd63470000 - 0x00007ffd63532000 	C:\Windows\System32\KERNEL32.DLL
0x00007ffd61d80000 - 0x00007ffd6207f000 	C:\Windows\System32\KERNELBASE.dll
0x00007ffd624b0000 - 0x00007ffd625b0000 	C:\Windows\System32\ucrtbase.dll
0x00007ffd59da0000 - 0x00007ffd59db7000 	C:\Users\Алексей\AppData\Local\Programs\Microsoft\jdk-17.0.14.7-hotspot\bin\jli.dll
0x00007ffd636d0000 - 0x00007ffd6386d000 	C:\Windows\System32\USER32.dll
0x00007ffd59bd0000 - 0x00007ffd59bed000 	C:\Users\Алексей\AppData\Local\Programs\Microsoft\jdk-17.0.14.7-hotspot\bin\VCRUNTIME140.dll
0x00007ffd51420000 - 0x00007ffd516ba000 	C:\Windows\WinSxS\amd64_microsoft.windows.common-controls_6595b64144ccf1df_6.0.19041.4355_none_60b8b9eb71f62e16\COMCTL32.dll
0x00007ffd62230000 - 0x00007ffd62252000 	C:\Windows\System32\win32u.dll
0x00007ffd626d0000 - 0x00007ffd6276e000 	C:\Windows\System32\msvcrt.dll
0x00007ffd64640000 - 0x00007ffd6466b000 	C:\Windows\System32\GDI32.dll
0x00007ffd625b0000 - 0x00007ffd626ca000 	C:\Windows\System32\gdi32full.dll
0x00007ffd62360000 - 0x00007ffd623fd000 	C:\Windows\System32\msvcp_win.dll
0x00007ffd62e00000 - 0x00007ffd62e2f000 	C:\Windows\System32\IMM32.DLL
0x0000000055c70000 - 0x0000000055c7c000 	D:\проги и полезные утилиты\360\Total Security\safemon\SafeWrapper.dll
0x00007ffd633b0000 - 0x00007ffd6345f000 	C:\Windows\System32\ADVAPI32.dll
0x00007ffd645a0000 - 0x00007ffd6463f000 	C:\Windows\System32\sechost.dll
0x00007ffd62c10000 - 0x00007ffd62d33000 	C:\Windows\System32\RPCRT4.dll
0x00007ffd61d50000 - 0x00007ffd61d77000 	C:\Windows\System32\bcrypt.dll
0x00007ffd1b480000 - 0x00007ffd1b52c000 	D:\проги и полезные утилиты\360\Total Security\safemon\libzdtp64.dll
0x00007ffd63cf0000 - 0x00007ffd6445d000 	C:\Windows\System32\SHELL32.dll
0x00007ffd63350000 - 0x00007ffd633a5000 	C:\Windows\System32\SHLWAPI.dll
0x00007ffd618d0000 - 0x00007ffd618da000 	C:\Windows\SYSTEM32\VERSION.dll
0x00007ffd5d900000 - 0x00007ffd5d90c000 	C:\Users\Алексей\AppData\Local\Programs\Microsoft\jdk-17.0.14.7-hotspot\bin\vcruntime140_1.dll
0x00007ffd50820000 - 0x00007ffd508ad000 	C:\Users\Алексей\AppData\Local\Programs\Microsoft\jdk-17.0.14.7-hotspot\bin\msvcp140.dll
0x00007ffd0b950000 - 0x00007ffd0c5c2000 	C:\Users\Алексей\AppData\Local\Programs\Microsoft\jdk-17.0.14.7-hotspot\bin\server\jvm.dll
0x00007ffd63540000 - 0x00007ffd635ab000 	C:\Windows\System32\WS2_32.dll
0x00007ffd61270000 - 0x00007ffd612bb000 	C:\Windows\SYSTEM32\POWRPROF.dll
0x00007ffd561f0000 - 0x00007ffd56217000 	C:\Windows\SYSTEM32\WINMM.dll
0x00007ffd610e0000 - 0x00007ffd610f2000 	C:\Windows\SYSTEM32\UMPDC.dll
0x00007ffd5fd40000 - 0x00007ffd5fd52000 	C:\Windows\SYSTEM32\kernel.appcore.dll
0x00007ffd59b80000 - 0x00007ffd59b8a000 	C:\Users\Алексей\AppData\Local\Programs\Microsoft\jdk-17.0.14.7-hotspot\bin\jimage.dll
0x00007ffd5f880000 - 0x00007ffd5fa64000 	C:\Windows\SYSTEM32\DBGHELP.DLL
0x00007ffd3dd60000 - 0x00007ffd3dd94000 	C:\Windows\SYSTEM32\dbgcore.DLL
0x00007ffd622d0000 - 0x00007ffd62352000 	C:\Windows\System32\bcryptPrimitives.dll
0x00007ffd598f0000 - 0x00007ffd59915000 	C:\Users\Алексей\AppData\Local\Programs\Microsoft\jdk-17.0.14.7-hotspot\bin\java.dll
0x00007ffd2bbf0000 - 0x00007ffd2bcc7000 	C:\Users\Алексей\AppData\Local\Programs\Microsoft\jdk-17.0.14.7-hotspot\bin\jsvml.dll
0x00007ffd5fd60000 - 0x00007ffd60504000 	C:\Windows\SYSTEM32\windows.storage.dll
0x00007ffd62fe0000 - 0x00007ffd63335000 	C:\Windows\System32\combase.dll
0x00007ffd61710000 - 0x00007ffd6173f000 	C:\Windows\SYSTEM32\Wldp.dll
0x00007ffd62e30000 - 0x00007ffd62efd000 	C:\Windows\System32\OLEAUT32.dll
0x00007ffd62b60000 - 0x00007ffd62c0d000 	C:\Windows\System32\SHCORE.dll
0x00007ffd61c80000 - 0x00007ffd61ca4000 	C:\Windows\SYSTEM32\profapi.dll
0x00007ffd59b60000 - 0x00007ffd59b7a000 	C:\Users\Алексей\AppData\Local\Programs\Microsoft\jdk-17.0.14.7-hotspot\bin\net.dll
0x00007ffd5e290000 - 0x00007ffd5e39a000 	C:\Windows\SYSTEM32\WINHTTP.dll
0x00007ffd61470000 - 0x00007ffd614dc000 	C:\Windows\system32\mswsock.dll
0x00007ffd59840000 - 0x00007ffd59856000 	C:\Users\Алексей\AppData\Local\Programs\Microsoft\jdk-17.0.14.7-hotspot\bin\nio.dll
0x00007ffd58500000 - 0x00007ffd58518000 	C:\Users\Алексей\AppData\Local\Programs\Microsoft\jdk-17.0.14.7-hotspot\bin\zip.dll

dbghelp: loaded successfully - version: 4.0.5 - missing functions: none
symbol engine: initialized successfully - sym options: 0x614 - pdb path: .;C:\Users\Алексей\AppData\Local\Programs\Microsoft\jdk-17.0.14.7-hotspot\bin;C:\Windows\SYSTEM32;C:\Windows\WinSxS\amd64_microsoft.windows.common-controls_6595b64144ccf1df_6.0.19041.4355_none_60b8b9eb71f62e16;D:\проги и полезные утилиты\360\Total Security\safemon;C:\Users\Алексей\AppData\Local\Programs\Microsoft\jdk-17.0.14.7-hotspot\bin\server

VM Arguments:
jvm_args: -XX:+ShowCodeDetailsInExceptionMessages 
java_command: com.example.tryme.TrymeApplication
java_class_path (initial): D:\Lectures\ПнаЯВУ\LR\4 semester\1lab\tryme\target\classes;C:\Users\Алексей\.m2\repository\org\springframework\boot\spring-boot-starter-web\3.4.3\spring-boot-starter-web-3.4.3.jar;C:\Users\Алексей\.m2\repository\org\springframework\boot\spring-boot-starter\3.4.3\spring-boot-starter-3.4.3.jar;C:\Users\Алексей\.m2\repository\org\springframework\boot\spring-boot\3.4.3\spring-boot-3.4.3.jar;C:\Users\Алексей\.m2\repository\org\springframework\boot\spring-boot-autoconfigure\3.4.3\spring-boot-autoconfigure-3.4.3.jar;C:\Users\Алексей\.m2\repository\org\springframework\boot\spring-boot-starter-logging\3.4.3\spring-boot-starter-logging-3.4.3.jar;C:\Users\Алексей\.m2\repository\ch\qos\logback\logback-classic\1.5.16\logback-classic-1.5.16.jar;C:\Users\Алексей\.m2\repository\ch\qos\logback\logback-core\1.5.16\logback-core-1.5.16.jar;C:\Users\Алексей\.m2\repository\org\apache\logging\log4j\log4j-to-slf4j\2.24.3\log4j-to-slf4j-2.24.3.jar;C:\Users\Алексей\.m2\repository\org\apache\logging\log4j\log4j-api\2.24.3\log4j-api-2.24.3.jar;C:\Users\Алексей\.m2\repository\org\slf4j\jul-to-slf4j\2.0.16\jul-to-slf4j-2.0.16.jar;C:\Users\Алексей\.m2\repository\jakarta\annotation\jakarta.annotation-api\2.1.1\jakarta.annotation-api-2.1.1.jar;C:\Users\Алексей\.m2\repository\org\yaml\snakeyaml\2.3\snakeyaml-2.3.jar;C:\Users\Алексей\.m2\repository\org\springframework\boot\spring-boot-starter-json\3.4.3\spring-boot-starter-json-3.4.3.jar;C:\Users\Алексей\.m2\repository\com\fasterxml\jackson\core\jackson-databind\2.18.2\jackson-databind-2.18.2.jar;C:\Users\Алексей\.m2\repository\com\fasterxml\jackson\core\jackson-annotations\2.18.2\jackson-annotations-2.18.2.jar;C:\Users\Алексей\.m2\repository\com\fasterxml\jackson\core\jackson-core\2.18.2\jackson-core-2.18.2.jar;C:\Users\Алексей\.m2\repository\com\fasterxml\jackson\datatype\jackson-datatype-jdk8\2.18.2\jackson-datatype-jdk8-2.18.2.jar;C:\Users\Алексей\.m2\repository\com\fasterxml\jackson\datatype\jackson-datatype-jsr310\2
Launcher Type: SUN_STANDARD

[Global flags]
     intx CICompilerCount                          = 12                                        {product} {ergonomic}
     uint ConcGCThreads                            = 3                                         {product} {ergonomic}
     uint G1ConcRefinementThreads                  = 13                                        {product} {ergonomic}
   size_t G1HeapRegionSize                         = 2097152                                   {product} {ergonomic}
    uintx GCDrainStackTargetSize                   = 64                                        {product} {ergonomic}
   size_t InitialHeapSize                          = 262144000                                 {product} {ergonomic}
   size_t MarkStackSize                            = 4194304                                   {product} {ergonomic}
   size_t MaxHeapSize                              = 4194304000                                {product} {ergonomic}
   size_t MaxNewSize                               = 2516582400                                {product} {ergonomic}
   size_t MinHeapDeltaBytes                        = 2097152                                   {product} {ergonomic}
   size_t MinHeapSize                              = 8388608                                   {product} {ergonomic}
    uintx NonNMethodCodeHeapSize                   = 7602480                                {pd product} {ergonomic}
    uintx NonProfiledCodeHeapSize                  = 122027880                              {pd product} {ergonomic}
    uintx ProfiledCodeHeapSize                     = 122027880                              {pd product} {ergonomic}
    uintx ReservedCodeCacheSize                    = 251658240                              {pd product} {ergonomic}
     bool SegmentedCodeCache                       = true                                      {product} {ergonomic}
     bool ShowCodeDetailsInExceptionMessages       = true                                   {manageable} {command line}
   size_t SoftMaxHeapSize                          = 4194304000                             {manageable} {ergonomic}
     bool UseCompressedClassPointers               = true                           {product lp64_product} {ergonomic}
     bool UseCompressedOops                        = true                           {product lp64_product} {ergonomic}
     bool UseG1GC                                  = true                                      {product} {ergonomic}
     bool UseLargePagesIndividualAllocation        = false                                  {pd product} {ergonomic}

Logging:
Log output configuration:
 #0: stdout all=warning uptime,level,tags
 #1: stderr all=off uptime,level,tags

Environment Variables:
PATH=D:\JDK\bin;C:\Windows\system32;C:\Windows;C:\Windows\System32\Wbem;C:\Windows\System32\WindowsPowerShell\v1.0\;C:\Windows\System32\OpenSSH\;C:\Program Files (x86)\Windows Kits\10\Windows Performance Toolkit\;C:\Program Files\dotnet\;D:\проги и полезные утилиты\Git\cmd;C:\Users\Алексей\AppData\Local\Programs\Microsoft\jdk-17.0.14.7-hotspot\bin;C:\Users\Алексей\AppData\Local\Microsoft\WindowsApps;D:\проги и полезные утилиты\Microsoft VS Code\bin
USERNAME=Алексей
LANG=en_US.UTF-8
OS=Windows_NT
PROCESSOR_IDENTIFIER=Intel64 Family 6 Model 154 Stepping 3, GenuineIntel
TMP=C:\Users\CD86~1\AppData\Local\Temp
TEMP=C:\Users\CD86~1\AppData\Local\Temp



Periodic native trim disabled


---------------  S Y S T E M  ---------------

OS:
 Windows 10 , 64 bit Build 19041 (10.0.19041.5438)
OS uptime: 8 days 20:49 hours

CPU: total 16 (initial active 16) (8 cores per cpu, 2 threads per core) family 6 model 154 stepping 3 microcode 0x423, cx8, cmov, fxsr, ht, mmx, 3dnowpref, sse, sse2, sse3, ssse3, sse4.1, sse4.2, popcnt, lzcnt, tsc, tscinvbit, avx, avx2, aes, erms, clmul, bmi1, bmi2, adx, sha, fma, vzeroupper, clflush, clflushopt, clwb
Processor Information for the first 16 processors :
  Max Mhz: 2500, Current Mhz: 2500, Mhz Limit: 2500

Memory: 4k page, system-wide physical 15999M (891M free)
TotalPageFile size 35290M (AvailPageFile size 7M)
current process WorkingSet (physical memory assigned to process): 128M, peak: 130M
current process commit charge ("private bytes"): 396M, peak: 399M

vm_info: OpenJDK 64-Bit Server VM (17.0.14+7-LTS) for windows-amd64 JRE (17.0.14+7-LTS), built on Jan  8 2025 23:39:28 by "MicrosoftCorporation" with unknown MS VC++:1939

END.
